Change Component Comment : Designator=C3 Old Comment=0,1ÏÍ‘ New Comment=K10-79
Change Component Comment : Designator=C6 Old Comment=0,1ÏÍ‘ New Comment=K10-79
Change Component Comment : Designator=C10 Old Comment=0,1ÏÍ‘ New Comment=K10-79
Change Component Comment : Designator=C13 Old Comment=0,1ÏÍ‘ New Comment=K10-79
Change Component Comment : Designator=C17 Old Comment=0,1ÏÍ‘ New Comment=K10-79
Change Component Comment : Designator=C20 Old Comment=0,1ÏÍ‘ New Comment=K10-79
Change Component Comment : Designator=C24 Old Comment=0,1ÏÍ‘ New Comment=K10-79
Change Component Comment : Designator=C27 Old Comment=0,1ÏÍ‘ New Comment=K10-79
Change Component Comment : Designator=C31 Old Comment=0,1ÏÍ‘ New Comment=K10-79
Change Component Comment : Designator=C34 Old Comment=0,1ÏÍ‘ New Comment=K10-79
Change Component Comment : Designator=C38 Old Comment=0,1ÏÍ‘ New Comment=K10-79
Change Component Comment : Designator=C41 Old Comment=0,1ÏÍ‘ New Comment=K10-79
Change Component Comment : Designator=C4 Old Comment=0,22ÏÍ‘ New Comment=K10-79
Change Component Comment : Designator=C7 Old Comment=0,22ÏÍ‘ New Comment=K10-79
Change Component Comment : Designator=C11 Old Comment=0,22ÏÍ‘ New Comment=K10-79
Change Component Comment : Designator=C14 Old Comment=0,22ÏÍ‘ New Comment=K10-79
Change Component Comment : Designator=C18 Old Comment=0,22ÏÍ‘ New Comment=K10-79
Change Component Comment : Designator=C21 Old Comment=0,22ÏÍ‘ New Comment=K10-79
Change Component Comment : Designator=C25 Old Comment=0,22ÏÍ‘ New Comment=K10-79
Change Component Comment : Designator=C28 Old Comment=0,22ÏÍ‘ New Comment=K10-79
Change Component Comment : Designator=C32 Old Comment=0,22ÏÍ‘ New Comment=K10-79
Change Component Comment : Designator=C35 Old Comment=0,22ÏÍ‘ New Comment=K10-79
Change Component Comment : Designator=C39 Old Comment=0,22ÏÍ‘ New Comment=K10-79
Change Component Comment : Designator=C42 Old Comment=0,22ÏÍ‘ New Comment=K10-79
Change Component Comment : Designator=R3 Old Comment=0 New Comment=OSM R1-12
Change Component Comment : Designator=R4 Old Comment=0 New Comment=OSM R1-12
Change Component Comment : Designator=R6 Old Comment=0 New Comment=OSM R1-12
Change Component Comment : Designator=R10 Old Comment=0 New Comment=OSM R1-12
Change Component Comment : Designator=R14 Old Comment=0 New Comment=OSM R1-12
Change Component Comment : Designator=R15 Old Comment=0 New Comment=OSM R1-12
Change Component Comment : Designator=R17 Old Comment=0 New Comment=OSM R1-12
Change Component Comment : Designator=R21 Old Comment=0 New Comment=OSM R1-12
Change Component Comment : Designator=R25 Old Comment=0 New Comment=OSM R1-12
Change Component Comment : Designator=R26 Old Comment=0 New Comment=OSM R1-12
Change Component Comment : Designator=R28 Old Comment=0 New Comment=OSM R1-12
Change Component Comment : Designator=R32 Old Comment=0 New Comment=OSM R1-12
Change Component Comment : Designator=R36 Old Comment=0 New Comment=OSM R1-12
Change Component Comment : Designator=R37 Old Comment=0 New Comment=OSM R1-12
Change Component Comment : Designator=R39 Old Comment=0 New Comment=OSM R1-12
Change Component Comment : Designator=R43 Old Comment=0 New Comment=OSM R1-12
Change Component Comment : Designator=R47 Old Comment=0 New Comment=OSM R1-12
Change Component Comment : Designator=R48 Old Comment=0 New Comment=OSM R1-12
Change Component Comment : Designator=R50 Old Comment=0 New Comment=OSM R1-12
Change Component Comment : Designator=R54 Old Comment=0 New Comment=OSM R1-12
Change Component Comment : Designator=R58 Old Comment=0 New Comment=OSM R1-12
Change Component Comment : Designator=R59 Old Comment=0 New Comment=OSM R1-12
Change Component Comment : Designator=R61 Old Comment=0 New Comment=OSM R1-12
Change Component Comment : Designator=R65 Old Comment=0 New Comment=OSM R1-12
Change Component Comment : Designator=R69 Old Comment=1k New Comment=OSM R1-12
Change Component Comment : Designator=R70 Old Comment=1k New Comment=OSM R1-12
Change Component Comment : Designator=R72 Old Comment=1k New Comment=OSM R1-12
Change Component Comment : Designator=R8 Old Comment=1Í New Comment=OSM R1-12
Change Component Comment : Designator=R9 Old Comment=1Í New Comment=OSM R1-12
Change Component Comment : Designator=R19 Old Comment=1Í New Comment=OSM R1-12
Change Component Comment : Designator=R20 Old Comment=1Í New Comment=OSM R1-12
Change Component Comment : Designator=R30 Old Comment=1Í New Comment=OSM R1-12
Change Component Comment : Designator=R31 Old Comment=1Í New Comment=OSM R1-12
Change Component Comment : Designator=R41 Old Comment=1Í New Comment=OSM R1-12
Change Component Comment : Designator=R42 Old Comment=1Í New Comment=OSM R1-12
Change Component Comment : Designator=R52 Old Comment=1Í New Comment=OSM R1-12
Change Component Comment : Designator=R53 Old Comment=1Í New Comment=OSM R1-12
Change Component Comment : Designator=R63 Old Comment=1Í New Comment=OSM R1-12
Change Component Comment : Designator=R64 Old Comment=1Í New Comment=OSM R1-12
Change Component Comment : Designator=L1 Old Comment=1ÏÍ√Ì New Comment=Inductor
Change Component Comment : Designator=L2 Old Comment=1ÏÍ√Ì New Comment=Inductor
Change Component Comment : Designator=R73 Old Comment=3k3 New Comment=OSM R1-12
Change Component Comment : Designator=C1 Old Comment=5.6Ì‘ New Comment=K10-79
Change Component Comment : Designator=C8 Old Comment=5.6Ì‘ New Comment=K10-79
Change Component Comment : Designator=C15 Old Comment=5.6Ì‘ New Comment=K10-79
Change Component Comment : Designator=C22 Old Comment=5.6Ì‘ New Comment=K10-79
Change Component Comment : Designator=C29 Old Comment=5.6Ì‘ New Comment=K10-79
Change Component Comment : Designator=C36 Old Comment=5.6Ì‘ New Comment=K10-79
Change Component Comment : Designator=R67 Old Comment=10k New Comment=OSM R1-12
Change Component Comment : Designator=R68 Old Comment=10k New Comment=OSM R1-12
Change Component Comment : Designator=R1 Old Comment=10M New Comment=OSM R1-12
Change Component Comment : Designator=R2 Old Comment=10M New Comment=OSM R1-12
Change Component Comment : Designator=R11 Old Comment=10M New Comment=OSM R1-12
Change Component Comment : Designator=R12 Old Comment=10M New Comment=OSM R1-12
Change Component Comment : Designator=R13 Old Comment=10M New Comment=OSM R1-12
Change Component Comment : Designator=R22 Old Comment=10M New Comment=OSM R1-12
Change Component Comment : Designator=R23 Old Comment=10M New Comment=OSM R1-12
Change Component Comment : Designator=R24 Old Comment=10M New Comment=OSM R1-12
Change Component Comment : Designator=R33 Old Comment=10M New Comment=OSM R1-12
Change Component Comment : Designator=R34 Old Comment=10M New Comment=OSM R1-12
Change Component Comment : Designator=R35 Old Comment=10M New Comment=OSM R1-12
Change Component Comment : Designator=R44 Old Comment=10M New Comment=OSM R1-12
Change Component Comment : Designator=R45 Old Comment=10M New Comment=OSM R1-12
Change Component Comment : Designator=R46 Old Comment=10M New Comment=OSM R1-12
Change Component Comment : Designator=R55 Old Comment=10M New Comment=OSM R1-12
Change Component Comment : Designator=R56 Old Comment=10M New Comment=OSM R1-12
Change Component Comment : Designator=R57 Old Comment=10M New Comment=OSM R1-12
Change Component Comment : Designator=R66 Old Comment=10M New Comment=OSM R1-12
Change Component Comment : Designator=C2 Old Comment=13Ô‘ New Comment=K10-79
Change Component Comment : Designator=C9 Old Comment=13Ô‘ New Comment=K10-79
Change Component Comment : Designator=C16 Old Comment=13Ô‘ New Comment=K10-79
Change Component Comment : Designator=C23 Old Comment=13Ô‘ New Comment=K10-79
Change Component Comment : Designator=C30 Old Comment=13Ô‘ New Comment=K10-79
Change Component Comment : Designator=C37 Old Comment=13Ô‘ New Comment=K10-79
Change Component Comment : Designator=C5 Old Comment=15Ì‘ New Comment=K10-79
Change Component Comment : Designator=C12 Old Comment=15Ì‘ New Comment=K10-79
Change Component Comment : Designator=C19 Old Comment=15Ì‘ New Comment=K10-79
Change Component Comment : Designator=C26 Old Comment=15Ì‘ New Comment=K10-79
Change Component Comment : Designator=C33 Old Comment=15Ì‘ New Comment=K10-79
Change Component Comment : Designator=C40 Old Comment=15Ì‘ New Comment=K10-79
Change Component Comment : Designator=R5 Old Comment=30k New Comment=OSM R1-12
Change Component Comment : Designator=R16 Old Comment=30k New Comment=OSM R1-12
Change Component Comment : Designator=R27 Old Comment=30k New Comment=OSM R1-12
Change Component Comment : Designator=R38 Old Comment=30k New Comment=OSM R1-12
Change Component Comment : Designator=R49 Old Comment=30k New Comment=OSM R1-12
Change Component Comment : Designator=R60 Old Comment=30k New Comment=OSM R1-12
Change Component Comment : Designator=R7 Old Comment=51 New Comment=OSM R1-12
Change Component Comment : Designator=R18 Old Comment=51 New Comment=OSM R1-12
Change Component Comment : Designator=R29 Old Comment=51 New Comment=OSM R1-12
Change Component Comment : Designator=R40 Old Comment=51 New Comment=OSM R1-12
Change Component Comment : Designator=R51 Old Comment=51 New Comment=OSM R1-12
Change Component Comment : Designator=R62 Old Comment=51 New Comment=OSM R1-12
Change Component Comment : Designator=R71 Old Comment=510 New Comment=OSM R1-12
Added Room: Name=dv_analog_interface_ch1
Added Room: Name=dv_analog_main
