Change Component Comment : Designator=R3 Old Comment=OSM R1-12 New Comment=0
Change Component Comment : Designator=R4 Old Comment=OSM R1-12 New Comment=0
Change Component Comment : Designator=R6 Old Comment=OSM R1-12 New Comment=0
Change Component Comment : Designator=R10 Old Comment=OSM R1-12 New Comment=0
Change Component Comment : Designator=R14 Old Comment=OSM R1-12 New Comment=0
Change Component Comment : Designator=R15 Old Comment=OSM R1-12 New Comment=0
Change Component Comment : Designator=R17 Old Comment=OSM R1-12 New Comment=0
Change Component Comment : Designator=R21 Old Comment=OSM R1-12 New Comment=0
Change Component Comment : Designator=R25 Old Comment=OSM R1-12 New Comment=0
Change Component Comment : Designator=R26 Old Comment=OSM R1-12 New Comment=0
Change Component Comment : Designator=R28 Old Comment=OSM R1-12 New Comment=0
Change Component Comment : Designator=R32 Old Comment=OSM R1-12 New Comment=0
Change Component Comment : Designator=R36 Old Comment=OSM R1-12 New Comment=0
Change Component Comment : Designator=R37 Old Comment=OSM R1-12 New Comment=0
Change Component Comment : Designator=R39 Old Comment=OSM R1-12 New Comment=0
Change Component Comment : Designator=R43 Old Comment=OSM R1-12 New Comment=0
Change Component Comment : Designator=R47 Old Comment=OSM R1-12 New Comment=0
Change Component Comment : Designator=R48 Old Comment=OSM R1-12 New Comment=0
Change Component Comment : Designator=R50 Old Comment=OSM R1-12 New Comment=0
Change Component Comment : Designator=R54 Old Comment=OSM R1-12 New Comment=0
Change Component Comment : Designator=R58 Old Comment=OSM R1-12 New Comment=0
Change Component Comment : Designator=R59 Old Comment=OSM R1-12 New Comment=0
Change Component Comment : Designator=R61 Old Comment=OSM R1-12 New Comment=0
Change Component Comment : Designator=R65 Old Comment=OSM R1-12 New Comment=0
Change Component Comment : Designator=R69 Old Comment=OSM R1-12 New Comment=1k
Change Component Comment : Designator=R70 Old Comment=OSM R1-12 New Comment=1k
Change Component Comment : Designator=R72 Old Comment=OSM R1-12 New Comment=1k
Change Component Comment : Designator=R8 Old Comment=OSM R1-12 New Comment=1к
Change Component Comment : Designator=R9 Old Comment=OSM R1-12 New Comment=1к
Change Component Comment : Designator=R19 Old Comment=OSM R1-12 New Comment=1к
Change Component Comment : Designator=R20 Old Comment=OSM R1-12 New Comment=1к
Change Component Comment : Designator=R30 Old Comment=OSM R1-12 New Comment=1к
Change Component Comment : Designator=R31 Old Comment=OSM R1-12 New Comment=1к
Change Component Comment : Designator=R41 Old Comment=OSM R1-12 New Comment=1к
Change Component Comment : Designator=R42 Old Comment=OSM R1-12 New Comment=1к
Change Component Comment : Designator=R52 Old Comment=OSM R1-12 New Comment=1к
Change Component Comment : Designator=R53 Old Comment=OSM R1-12 New Comment=1к
Change Component Comment : Designator=R63 Old Comment=OSM R1-12 New Comment=1к
Change Component Comment : Designator=R64 Old Comment=OSM R1-12 New Comment=1к
Change Component Comment : Designator=R73 Old Comment=OSM R1-12 New Comment=3k3
Change Component Comment : Designator=R67 Old Comment=OSM R1-12 New Comment=10k
Change Component Comment : Designator=R68 Old Comment=OSM R1-12 New Comment=10k
Change Component Comment : Designator=R1 Old Comment=OSM R1-12 New Comment=10M
Change Component Comment : Designator=R2 Old Comment=OSM R1-12 New Comment=10M
Change Component Comment : Designator=R11 Old Comment=OSM R1-12 New Comment=10M
Change Component Comment : Designator=R12 Old Comment=OSM R1-12 New Comment=10M
Change Component Comment : Designator=R13 Old Comment=OSM R1-12 New Comment=10M
Change Component Comment : Designator=R22 Old Comment=OSM R1-12 New Comment=10M
Change Component Comment : Designator=R23 Old Comment=OSM R1-12 New Comment=10M
Change Component Comment : Designator=R24 Old Comment=OSM R1-12 New Comment=10M
Change Component Comment : Designator=R33 Old Comment=OSM R1-12 New Comment=10M
Change Component Comment : Designator=R34 Old Comment=OSM R1-12 New Comment=10M
Change Component Comment : Designator=R35 Old Comment=OSM R1-12 New Comment=10M
Change Component Comment : Designator=R44 Old Comment=OSM R1-12 New Comment=10M
Change Component Comment : Designator=R45 Old Comment=OSM R1-12 New Comment=10M
Change Component Comment : Designator=R46 Old Comment=OSM R1-12 New Comment=10M
Change Component Comment : Designator=R55 Old Comment=OSM R1-12 New Comment=10M
Change Component Comment : Designator=R56 Old Comment=OSM R1-12 New Comment=10M
Change Component Comment : Designator=R57 Old Comment=OSM R1-12 New Comment=10M
Change Component Comment : Designator=R66 Old Comment=OSM R1-12 New Comment=10M
Change Component Comment : Designator=R5 Old Comment=OSM R1-12 New Comment=30k
Change Component Comment : Designator=R16 Old Comment=OSM R1-12 New Comment=30k
Change Component Comment : Designator=R27 Old Comment=OSM R1-12 New Comment=30k
Change Component Comment : Designator=R38 Old Comment=OSM R1-12 New Comment=30k
Change Component Comment : Designator=R49 Old Comment=OSM R1-12 New Comment=30k
Change Component Comment : Designator=R60 Old Comment=OSM R1-12 New Comment=30k
Change Component Comment : Designator=R7 Old Comment=OSM R1-12 New Comment=51
Change Component Comment : Designator=R18 Old Comment=OSM R1-12 New Comment=51
Change Component Comment : Designator=R29 Old Comment=OSM R1-12 New Comment=51
Change Component Comment : Designator=R40 Old Comment=OSM R1-12 New Comment=51
Change Component Comment : Designator=R51 Old Comment=OSM R1-12 New Comment=51
Change Component Comment : Designator=R62 Old Comment=OSM R1-12 New Comment=51
Change Component Comment : Designator=R71 Old Comment=OSM R1-12 New Comment=510
Change Component Comment : Designator=L1 Old Comment=»ндуктивность New Comment=1мк√н
Change Component Comment : Designator=L2 Old Comment=»ндуктивность New Comment=1мк√н
Added Room: Name=dv_analog_main
