Added Component: Designator=C1(SMD_C0402)
Add component (AddParameter): Name = "Value"; Value = "5.6нФ"; VariantName = "[No Variations]"
Add component (AddParameter): Name = "Диэлектрик"; Value = ""; VariantName = "[No Variations]"
Add component (AddParameter): Name = "Назначение"; Value = "SMD-конденсатор"; VariantName = "[No Variations]"
Add component (AddParameter): Name = "Наименование"; Value = "К10-79"; VariantName = "[No Variations]"
Add component (AddParameter): Name = "Напряжение"; Value = "В"; VariantName = "[No Variations]"
Add component (AddParameter): Name = "Потребление, Вт"; Value = "0"; VariantName = "[No Variations]"
Add component (AddParameter): Name = "Точность"; Value = "%"; VariantName = "[No Variations]"
Added Component: Designator=C2(SMD_C0402)
Add component (AddParameter): Name = "Value"; Value = "13пФ"; VariantName = "[No Variations]"
Add component (AddParameter): Name = "Диэлектрик"; Value = ""; VariantName = "[No Variations]"
Add component (AddParameter): Name = "Назначение"; Value = "SMD-конденсатор"; VariantName = "[No Variations]"
Add component (AddParameter): Name = "Наименование"; Value = "К10-79"; VariantName = "[No Variations]"
Add component (AddParameter): Name = "Напряжение"; Value = "В"; VariantName = "[No Variations]"
Add component (AddParameter): Name = "Потребление, Вт"; Value = "0"; VariantName = "[No Variations]"
Add component (AddParameter): Name = "Точность"; Value = "%"; VariantName = "[No Variations]"
Added Component: Designator=C3(SMD_C0402)
Add component (AddParameter): Name = "Value"; Value = "0,1мкФ"; VariantName = "[No Variations]"
Add component (AddParameter): Name = "Диэлектрик"; Value = ""; VariantName = "[No Variations]"
Add component (AddParameter): Name = "Назначение"; Value = "SMD-конденсатор"; VariantName = "[No Variations]"
Add component (AddParameter): Name = "Наименование"; Value = "К10-79"; VariantName = "[No Variations]"
Add component (AddParameter): Name = "Напряжение"; Value = "В"; VariantName = "[No Variations]"
Add component (AddParameter): Name = "Потребление, Вт"; Value = "0"; VariantName = "[No Variations]"
Add component (AddParameter): Name = "Точность"; Value = "%"; VariantName = "[No Variations]"
Added Component: Designator=C4(SMD_C0402)
Add component (AddParameter): Name = "Value"; Value = "0,22мкФ"; VariantName = "[No Variations]"
Add component (AddParameter): Name = "Диэлектрик"; Value = ""; VariantName = "[No Variations]"
Add component (AddParameter): Name = "Назначение"; Value = "SMD-конденсатор"; VariantName = "[No Variations]"
Add component (AddParameter): Name = "Наименование"; Value = "К10-79"; VariantName = "[No Variations]"
Add component (AddParameter): Name = "Напряжение"; Value = "В"; VariantName = "[No Variations]"
Add component (AddParameter): Name = "Потребление, Вт"; Value = "0"; VariantName = "[No Variations]"
Add component (AddParameter): Name = "Точность"; Value = "%"; VariantName = "[No Variations]"
Added Component: Designator=C5(SMD_C0402)
Add component (AddParameter): Name = "Value"; Value = "15нФ"; VariantName = "[No Variations]"
Add component (AddParameter): Name = "Диэлектрик"; Value = ""; VariantName = "[No Variations]"
Add component (AddParameter): Name = "Назначение"; Value = "SMD-конденсатор"; VariantName = "[No Variations]"
Add component (AddParameter): Name = "Наименование"; Value = "К10-79"; VariantName = "[No Variations]"
Add component (AddParameter): Name = "Напряжение"; Value = "В"; VariantName = "[No Variations]"
Add component (AddParameter): Name = "Потребление, Вт"; Value = "0"; VariantName = "[No Variations]"
Add component (AddParameter): Name = "Точность"; Value = "%"; VariantName = "[No Variations]"
Added Component: Designator=C6(SMD_C0402)
Add component (AddParameter): Name = "Value"; Value = "0,1мкФ"; VariantName = "[No Variations]"
Add component (AddParameter): Name = "Диэлектрик"; Value = ""; VariantName = "[No Variations]"
Add component (AddParameter): Name = "Назначение"; Value = "SMD-конденсатор"; VariantName = "[No Variations]"
Add component (AddParameter): Name = "Наименование"; Value = "К10-79"; VariantName = "[No Variations]"
Add component (AddParameter): Name = "Напряжение"; Value = "В"; VariantName = "[No Variations]"
Add component (AddParameter): Name = "Потребление, Вт"; Value = "0"; VariantName = "[No Variations]"
Add component (AddParameter): Name = "Точность"; Value = "%"; VariantName = "[No Variations]"
Added Component: Designator=C7(SMD_C0402)
Add component (AddParameter): Name = "Value"; Value = "0,22мкФ"; VariantName = "[No Variations]"
Add component (AddParameter): Name = "Диэлектрик"; Value = ""; VariantName = "[No Variations]"
Add component (AddParameter): Name = "Назначение"; Value = "SMD-конденсатор"; VariantName = "[No Variations]"
Add component (AddParameter): Name = "Наименование"; Value = "К10-79"; VariantName = "[No Variations]"
Add component (AddParameter): Name = "Напряжение"; Value = "В"; VariantName = "[No Variations]"
Add component (AddParameter): Name = "Потребление, Вт"; Value = "0"; VariantName = "[No Variations]"
Add component (AddParameter): Name = "Точность"; Value = "%"; VariantName = "[No Variations]"
Added Component: Designator=C8(SMD_C0402)
Add component (AddParameter): Name = "Value"; Value = "5.6нФ"; VariantName = "[No Variations]"
Add component (AddParameter): Name = "Диэлектрик"; Value = ""; VariantName = "[No Variations]"
Add component (AddParameter): Name = "Назначение"; Value = "SMD-конденсатор"; VariantName = "[No Variations]"
Add component (AddParameter): Name = "Наименование"; Value = "К10-79"; VariantName = "[No Variations]"
Add component (AddParameter): Name = "Напряжение"; Value = "В"; VariantName = "[No Variations]"
Add component (AddParameter): Name = "Потребление, Вт"; Value = "0"; VariantName = "[No Variations]"
Add component (AddParameter): Name = "Точность"; Value = "%"; VariantName = "[No Variations]"
Added Component: Designator=C9(SMD_C0402)
Add component (AddParameter): Name = "Value"; Value = "13пФ"; VariantName = "[No Variations]"
Add component (AddParameter): Name = "Диэлектрик"; Value = ""; VariantName = "[No Variations]"
Add component (AddParameter): Name = "Назначение"; Value = "SMD-конденсатор"; VariantName = "[No Variations]"
Add component (AddParameter): Name = "Наименование"; Value = "К10-79"; VariantName = "[No Variations]"
Add component (AddParameter): Name = "Напряжение"; Value = "В"; VariantName = "[No Variations]"
Add component (AddParameter): Name = "Потребление, Вт"; Value = "0"; VariantName = "[No Variations]"
Add component (AddParameter): Name = "Точность"; Value = "%"; VariantName = "[No Variations]"
Added Component: Designator=C10(SMD_C0402)
Add component (AddParameter): Name = "Value"; Value = "0,1мкФ"; VariantName = "[No Variations]"
Add component (AddParameter): Name = "Диэлектрик"; Value = ""; VariantName = "[No Variations]"
Add component (AddParameter): Name = "Назначение"; Value = "SMD-конденсатор"; VariantName = "[No Variations]"
Add component (AddParameter): Name = "Наименование"; Value = "К10-79"; VariantName = "[No Variations]"
Add component (AddParameter): Name = "Напряжение"; Value = "В"; VariantName = "[No Variations]"
Add component (AddParameter): Name = "Потребление, Вт"; Value = "0"; VariantName = "[No Variations]"
Add component (AddParameter): Name = "Точность"; Value = "%"; VariantName = "[No Variations]"
Added Component: Designator=C11(SMD_C0402)
Add component (AddParameter): Name = "Value"; Value = "0,22мкФ"; VariantName = "[No Variations]"
Add component (AddParameter): Name = "Диэлектрик"; Value = ""; VariantName = "[No Variations]"
Add component (AddParameter): Name = "Назначение"; Value = "SMD-конденсатор"; VariantName = "[No Variations]"
Add component (AddParameter): Name = "Наименование"; Value = "К10-79"; VariantName = "[No Variations]"
Add component (AddParameter): Name = "Напряжение"; Value = "В"; VariantName = "[No Variations]"
Add component (AddParameter): Name = "Потребление, Вт"; Value = "0"; VariantName = "[No Variations]"
Add component (AddParameter): Name = "Точность"; Value = "%"; VariantName = "[No Variations]"
Added Component: Designator=C12(SMD_C0402)
Add component (AddParameter): Name = "Value"; Value = "15нФ"; VariantName = "[No Variations]"
Add component (AddParameter): Name = "Диэлектрик"; Value = ""; VariantName = "[No Variations]"
Add component (AddParameter): Name = "Назначение"; Value = "SMD-конденсатор"; VariantName = "[No Variations]"
Add component (AddParameter): Name = "Наименование"; Value = "К10-79"; VariantName = "[No Variations]"
Add component (AddParameter): Name = "Напряжение"; Value = "В"; VariantName = "[No Variations]"
Add component (AddParameter): Name = "Потребление, Вт"; Value = "0"; VariantName = "[No Variations]"
Add component (AddParameter): Name = "Точность"; Value = "%"; VariantName = "[No Variations]"
Added Component: Designator=C13(SMD_C0402)
Add component (AddParameter): Name = "Value"; Value = "0,1мкФ"; VariantName = "[No Variations]"
Add component (AddParameter): Name = "Диэлектрик"; Value = ""; VariantName = "[No Variations]"
Add component (AddParameter): Name = "Назначение"; Value = "SMD-конденсатор"; VariantName = "[No Variations]"
Add component (AddParameter): Name = "Наименование"; Value = "К10-79"; VariantName = "[No Variations]"
Add component (AddParameter): Name = "Напряжение"; Value = "В"; VariantName = "[No Variations]"
Add component (AddParameter): Name = "Потребление, Вт"; Value = "0"; VariantName = "[No Variations]"
Add component (AddParameter): Name = "Точность"; Value = "%"; VariantName = "[No Variations]"
Added Component: Designator=C14(SMD_C0402)
Add component (AddParameter): Name = "Value"; Value = "0,22мкФ"; VariantName = "[No Variations]"
Add component (AddParameter): Name = "Диэлектрик"; Value = ""; VariantName = "[No Variations]"
Add component (AddParameter): Name = "Назначение"; Value = "SMD-конденсатор"; VariantName = "[No Variations]"
Add component (AddParameter): Name = "Наименование"; Value = "К10-79"; VariantName = "[No Variations]"
Add component (AddParameter): Name = "Напряжение"; Value = "В"; VariantName = "[No Variations]"
Add component (AddParameter): Name = "Потребление, Вт"; Value = "0"; VariantName = "[No Variations]"
Add component (AddParameter): Name = "Точность"; Value = "%"; VariantName = "[No Variations]"
Added Component: Designator=C15(SMD_C0402)
Add component (AddParameter): Name = "Value"; Value = "5.6нФ"; VariantName = "[No Variations]"
Add component (AddParameter): Name = "Диэлектрик"; Value = ""; VariantName = "[No Variations]"
Add component (AddParameter): Name = "Назначение"; Value = "SMD-конденсатор"; VariantName = "[No Variations]"
Add component (AddParameter): Name = "Наименование"; Value = "К10-79"; VariantName = "[No Variations]"
Add component (AddParameter): Name = "Напряжение"; Value = "В"; VariantName = "[No Variations]"
Add component (AddParameter): Name = "Потребление, Вт"; Value = "0"; VariantName = "[No Variations]"
Add component (AddParameter): Name = "Точность"; Value = "%"; VariantName = "[No Variations]"
Added Component: Designator=C16(SMD_C0402)
Add component (AddParameter): Name = "Value"; Value = "13пФ"; VariantName = "[No Variations]"
Add component (AddParameter): Name = "Диэлектрик"; Value = ""; VariantName = "[No Variations]"
Add component (AddParameter): Name = "Назначение"; Value = "SMD-конденсатор"; VariantName = "[No Variations]"
Add component (AddParameter): Name = "Наименование"; Value = "К10-79"; VariantName = "[No Variations]"
Add component (AddParameter): Name = "Напряжение"; Value = "В"; VariantName = "[No Variations]"
Add component (AddParameter): Name = "Потребление, Вт"; Value = "0"; VariantName = "[No Variations]"
Add component (AddParameter): Name = "Точность"; Value = "%"; VariantName = "[No Variations]"
Added Component: Designator=C17(SMD_C0402)
Add component (AddParameter): Name = "Value"; Value = "0,1мкФ"; VariantName = "[No Variations]"
Add component (AddParameter): Name = "Диэлектрик"; Value = ""; VariantName = "[No Variations]"
Add component (AddParameter): Name = "Назначение"; Value = "SMD-конденсатор"; VariantName = "[No Variations]"
Add component (AddParameter): Name = "Наименование"; Value = "К10-79"; VariantName = "[No Variations]"
Add component (AddParameter): Name = "Напряжение"; Value = "В"; VariantName = "[No Variations]"
Add component (AddParameter): Name = "Потребление, Вт"; Value = "0"; VariantName = "[No Variations]"
Add component (AddParameter): Name = "Точность"; Value = "%"; VariantName = "[No Variations]"
Added Component: Designator=C18(SMD_C0402)
Add component (AddParameter): Name = "Value"; Value = "0,22мкФ"; VariantName = "[No Variations]"
Add component (AddParameter): Name = "Диэлектрик"; Value = ""; VariantName = "[No Variations]"
Add component (AddParameter): Name = "Назначение"; Value = "SMD-конденсатор"; VariantName = "[No Variations]"
Add component (AddParameter): Name = "Наименование"; Value = "К10-79"; VariantName = "[No Variations]"
Add component (AddParameter): Name = "Напряжение"; Value = "В"; VariantName = "[No Variations]"
Add component (AddParameter): Name = "Потребление, Вт"; Value = "0"; VariantName = "[No Variations]"
Add component (AddParameter): Name = "Точность"; Value = "%"; VariantName = "[No Variations]"
Added Component: Designator=C19(SMD_C0402)
Add component (AddParameter): Name = "Value"; Value = "15нФ"; VariantName = "[No Variations]"
Add component (AddParameter): Name = "Диэлектрик"; Value = ""; VariantName = "[No Variations]"
Add component (AddParameter): Name = "Назначение"; Value = "SMD-конденсатор"; VariantName = "[No Variations]"
Add component (AddParameter): Name = "Наименование"; Value = "К10-79"; VariantName = "[No Variations]"
Add component (AddParameter): Name = "Напряжение"; Value = "В"; VariantName = "[No Variations]"
Add component (AddParameter): Name = "Потребление, Вт"; Value = "0"; VariantName = "[No Variations]"
Add component (AddParameter): Name = "Точность"; Value = "%"; VariantName = "[No Variations]"
Added Component: Designator=C20(SMD_C0402)
Add component (AddParameter): Name = "Value"; Value = "0,1мкФ"; VariantName = "[No Variations]"
Add component (AddParameter): Name = "Диэлектрик"; Value = ""; VariantName = "[No Variations]"
Add component (AddParameter): Name = "Назначение"; Value = "SMD-конденсатор"; VariantName = "[No Variations]"
Add component (AddParameter): Name = "Наименование"; Value = "К10-79"; VariantName = "[No Variations]"
Add component (AddParameter): Name = "Напряжение"; Value = "В"; VariantName = "[No Variations]"
Add component (AddParameter): Name = "Потребление, Вт"; Value = "0"; VariantName = "[No Variations]"
Add component (AddParameter): Name = "Точность"; Value = "%"; VariantName = "[No Variations]"
Added Component: Designator=C21(SMD_C0402)
Add component (AddParameter): Name = "Value"; Value = "0,22мкФ"; VariantName = "[No Variations]"
Add component (AddParameter): Name = "Диэлектрик"; Value = ""; VariantName = "[No Variations]"
Add component (AddParameter): Name = "Назначение"; Value = "SMD-конденсатор"; VariantName = "[No Variations]"
Add component (AddParameter): Name = "Наименование"; Value = "К10-79"; VariantName = "[No Variations]"
Add component (AddParameter): Name = "Напряжение"; Value = "В"; VariantName = "[No Variations]"
Add component (AddParameter): Name = "Потребление, Вт"; Value = "0"; VariantName = "[No Variations]"
Add component (AddParameter): Name = "Точность"; Value = "%"; VariantName = "[No Variations]"
Added Component: Designator=C22(SMD_C0402)
Add component (AddParameter): Name = "Value"; Value = "5.6нФ"; VariantName = "[No Variations]"
Add component (AddParameter): Name = "Диэлектрик"; Value = ""; VariantName = "[No Variations]"
Add component (AddParameter): Name = "Назначение"; Value = "SMD-конденсатор"; VariantName = "[No Variations]"
Add component (AddParameter): Name = "Наименование"; Value = "К10-79"; VariantName = "[No Variations]"
Add component (AddParameter): Name = "Напряжение"; Value = "В"; VariantName = "[No Variations]"
Add component (AddParameter): Name = "Потребление, Вт"; Value = "0"; VariantName = "[No Variations]"
Add component (AddParameter): Name = "Точность"; Value = "%"; VariantName = "[No Variations]"
Added Component: Designator=C23(SMD_C0402)
Add component (AddParameter): Name = "Value"; Value = "13пФ"; VariantName = "[No Variations]"
Add component (AddParameter): Name = "Диэлектрик"; Value = ""; VariantName = "[No Variations]"
Add component (AddParameter): Name = "Назначение"; Value = "SMD-конденсатор"; VariantName = "[No Variations]"
Add component (AddParameter): Name = "Наименование"; Value = "К10-79"; VariantName = "[No Variations]"
Add component (AddParameter): Name = "Напряжение"; Value = "В"; VariantName = "[No Variations]"
Add component (AddParameter): Name = "Потребление, Вт"; Value = "0"; VariantName = "[No Variations]"
Add component (AddParameter): Name = "Точность"; Value = "%"; VariantName = "[No Variations]"
Added Component: Designator=C24(SMD_C0402)
Add component (AddParameter): Name = "Value"; Value = "0,1мкФ"; VariantName = "[No Variations]"
Add component (AddParameter): Name = "Диэлектрик"; Value = ""; VariantName = "[No Variations]"
Add component (AddParameter): Name = "Назначение"; Value = "SMD-конденсатор"; VariantName = "[No Variations]"
Add component (AddParameter): Name = "Наименование"; Value = "К10-79"; VariantName = "[No Variations]"
Add component (AddParameter): Name = "Напряжение"; Value = "В"; VariantName = "[No Variations]"
Add component (AddParameter): Name = "Потребление, Вт"; Value = "0"; VariantName = "[No Variations]"
Add component (AddParameter): Name = "Точность"; Value = "%"; VariantName = "[No Variations]"
Added Component: Designator=C25(SMD_C0402)
Add component (AddParameter): Name = "Value"; Value = "0,22мкФ"; VariantName = "[No Variations]"
Add component (AddParameter): Name = "Диэлектрик"; Value = ""; VariantName = "[No Variations]"
Add component (AddParameter): Name = "Назначение"; Value = "SMD-конденсатор"; VariantName = "[No Variations]"
Add component (AddParameter): Name = "Наименование"; Value = "К10-79"; VariantName = "[No Variations]"
Add component (AddParameter): Name = "Напряжение"; Value = "В"; VariantName = "[No Variations]"
Add component (AddParameter): Name = "Потребление, Вт"; Value = "0"; VariantName = "[No Variations]"
Add component (AddParameter): Name = "Точность"; Value = "%"; VariantName = "[No Variations]"
Added Component: Designator=C26(SMD_C0402)
Add component (AddParameter): Name = "Value"; Value = "15нФ"; VariantName = "[No Variations]"
Add component (AddParameter): Name = "Диэлектрик"; Value = ""; VariantName = "[No Variations]"
Add component (AddParameter): Name = "Назначение"; Value = "SMD-конденсатор"; VariantName = "[No Variations]"
Add component (AddParameter): Name = "Наименование"; Value = "К10-79"; VariantName = "[No Variations]"
Add component (AddParameter): Name = "Напряжение"; Value = "В"; VariantName = "[No Variations]"
Add component (AddParameter): Name = "Потребление, Вт"; Value = "0"; VariantName = "[No Variations]"
Add component (AddParameter): Name = "Точность"; Value = "%"; VariantName = "[No Variations]"
Added Component: Designator=C27(SMD_C0402)
Add component (AddParameter): Name = "Value"; Value = "0,1мкФ"; VariantName = "[No Variations]"
Add component (AddParameter): Name = "Диэлектрик"; Value = ""; VariantName = "[No Variations]"
Add component (AddParameter): Name = "Назначение"; Value = "SMD-конденсатор"; VariantName = "[No Variations]"
Add component (AddParameter): Name = "Наименование"; Value = "К10-79"; VariantName = "[No Variations]"
Add component (AddParameter): Name = "Напряжение"; Value = "В"; VariantName = "[No Variations]"
Add component (AddParameter): Name = "Потребление, Вт"; Value = "0"; VariantName = "[No Variations]"
Add component (AddParameter): Name = "Точность"; Value = "%"; VariantName = "[No Variations]"
Added Component: Designator=C28(SMD_C0402)
Add component (AddParameter): Name = "Value"; Value = "0,22мкФ"; VariantName = "[No Variations]"
Add component (AddParameter): Name = "Диэлектрик"; Value = ""; VariantName = "[No Variations]"
Add component (AddParameter): Name = "Назначение"; Value = "SMD-конденсатор"; VariantName = "[No Variations]"
Add component (AddParameter): Name = "Наименование"; Value = "К10-79"; VariantName = "[No Variations]"
Add component (AddParameter): Name = "Напряжение"; Value = "В"; VariantName = "[No Variations]"
Add component (AddParameter): Name = "Потребление, Вт"; Value = "0"; VariantName = "[No Variations]"
Add component (AddParameter): Name = "Точность"; Value = "%"; VariantName = "[No Variations]"
Added Component: Designator=C29(SMD_C0402)
Add component (AddParameter): Name = "Value"; Value = "5.6нФ"; VariantName = "[No Variations]"
Add component (AddParameter): Name = "Диэлектрик"; Value = ""; VariantName = "[No Variations]"
Add component (AddParameter): Name = "Назначение"; Value = "SMD-конденсатор"; VariantName = "[No Variations]"
Add component (AddParameter): Name = "Наименование"; Value = "К10-79"; VariantName = "[No Variations]"
Add component (AddParameter): Name = "Напряжение"; Value = "В"; VariantName = "[No Variations]"
Add component (AddParameter): Name = "Потребление, Вт"; Value = "0"; VariantName = "[No Variations]"
Add component (AddParameter): Name = "Точность"; Value = "%"; VariantName = "[No Variations]"
Added Component: Designator=C30(SMD_C0402)
Add component (AddParameter): Name = "Value"; Value = "13пФ"; VariantName = "[No Variations]"
Add component (AddParameter): Name = "Диэлектрик"; Value = ""; VariantName = "[No Variations]"
Add component (AddParameter): Name = "Назначение"; Value = "SMD-конденсатор"; VariantName = "[No Variations]"
Add component (AddParameter): Name = "Наименование"; Value = "К10-79"; VariantName = "[No Variations]"
Add component (AddParameter): Name = "Напряжение"; Value = "В"; VariantName = "[No Variations]"
Add component (AddParameter): Name = "Потребление, Вт"; Value = "0"; VariantName = "[No Variations]"
Add component (AddParameter): Name = "Точность"; Value = "%"; VariantName = "[No Variations]"
Added Component: Designator=C31(SMD_C0402)
Add component (AddParameter): Name = "Value"; Value = "0,1мкФ"; VariantName = "[No Variations]"
Add component (AddParameter): Name = "Диэлектрик"; Value = ""; VariantName = "[No Variations]"
Add component (AddParameter): Name = "Назначение"; Value = "SMD-конденсатор"; VariantName = "[No Variations]"
Add component (AddParameter): Name = "Наименование"; Value = "К10-79"; VariantName = "[No Variations]"
Add component (AddParameter): Name = "Напряжение"; Value = "В"; VariantName = "[No Variations]"
Add component (AddParameter): Name = "Потребление, Вт"; Value = "0"; VariantName = "[No Variations]"
Add component (AddParameter): Name = "Точность"; Value = "%"; VariantName = "[No Variations]"
Added Component: Designator=C32(SMD_C0402)
Add component (AddParameter): Name = "Value"; Value = "0,22мкФ"; VariantName = "[No Variations]"
Add component (AddParameter): Name = "Диэлектрик"; Value = ""; VariantName = "[No Variations]"
Add component (AddParameter): Name = "Назначение"; Value = "SMD-конденсатор"; VariantName = "[No Variations]"
Add component (AddParameter): Name = "Наименование"; Value = "К10-79"; VariantName = "[No Variations]"
Add component (AddParameter): Name = "Напряжение"; Value = "В"; VariantName = "[No Variations]"
Add component (AddParameter): Name = "Потребление, Вт"; Value = "0"; VariantName = "[No Variations]"
Add component (AddParameter): Name = "Точность"; Value = "%"; VariantName = "[No Variations]"
Added Component: Designator=C33(SMD_C0402)
Add component (AddParameter): Name = "Value"; Value = "15нФ"; VariantName = "[No Variations]"
Add component (AddParameter): Name = "Диэлектрик"; Value = ""; VariantName = "[No Variations]"
Add component (AddParameter): Name = "Назначение"; Value = "SMD-конденсатор"; VariantName = "[No Variations]"
Add component (AddParameter): Name = "Наименование"; Value = "К10-79"; VariantName = "[No Variations]"
Add component (AddParameter): Name = "Напряжение"; Value = "В"; VariantName = "[No Variations]"
Add component (AddParameter): Name = "Потребление, Вт"; Value = "0"; VariantName = "[No Variations]"
Add component (AddParameter): Name = "Точность"; Value = "%"; VariantName = "[No Variations]"
Added Component: Designator=C34(SMD_C0402)
Add component (AddParameter): Name = "Value"; Value = "0,1мкФ"; VariantName = "[No Variations]"
Add component (AddParameter): Name = "Диэлектрик"; Value = ""; VariantName = "[No Variations]"
Add component (AddParameter): Name = "Назначение"; Value = "SMD-конденсатор"; VariantName = "[No Variations]"
Add component (AddParameter): Name = "Наименование"; Value = "К10-79"; VariantName = "[No Variations]"
Add component (AddParameter): Name = "Напряжение"; Value = "В"; VariantName = "[No Variations]"
Add component (AddParameter): Name = "Потребление, Вт"; Value = "0"; VariantName = "[No Variations]"
Add component (AddParameter): Name = "Точность"; Value = "%"; VariantName = "[No Variations]"
Added Component: Designator=C35(SMD_C0402)
Add component (AddParameter): Name = "Value"; Value = "0,22мкФ"; VariantName = "[No Variations]"
Add component (AddParameter): Name = "Диэлектрик"; Value = ""; VariantName = "[No Variations]"
Add component (AddParameter): Name = "Назначение"; Value = "SMD-конденсатор"; VariantName = "[No Variations]"
Add component (AddParameter): Name = "Наименование"; Value = "К10-79"; VariantName = "[No Variations]"
Add component (AddParameter): Name = "Напряжение"; Value = "В"; VariantName = "[No Variations]"
Add component (AddParameter): Name = "Потребление, Вт"; Value = "0"; VariantName = "[No Variations]"
Add component (AddParameter): Name = "Точность"; Value = "%"; VariantName = "[No Variations]"
Added Component: Designator=C36(SMD_C0402)
Add component (AddParameter): Name = "Value"; Value = "5.6нФ"; VariantName = "[No Variations]"
Add component (AddParameter): Name = "Диэлектрик"; Value = ""; VariantName = "[No Variations]"
Add component (AddParameter): Name = "Назначение"; Value = "SMD-конденсатор"; VariantName = "[No Variations]"
Add component (AddParameter): Name = "Наименование"; Value = "К10-79"; VariantName = "[No Variations]"
Add component (AddParameter): Name = "Напряжение"; Value = "В"; VariantName = "[No Variations]"
Add component (AddParameter): Name = "Потребление, Вт"; Value = "0"; VariantName = "[No Variations]"
Add component (AddParameter): Name = "Точность"; Value = "%"; VariantName = "[No Variations]"
Added Component: Designator=C37(SMD_C0402)
Add component (AddParameter): Name = "Value"; Value = "13пФ"; VariantName = "[No Variations]"
Add component (AddParameter): Name = "Диэлектрик"; Value = ""; VariantName = "[No Variations]"
Add component (AddParameter): Name = "Назначение"; Value = "SMD-конденсатор"; VariantName = "[No Variations]"
Add component (AddParameter): Name = "Наименование"; Value = "К10-79"; VariantName = "[No Variations]"
Add component (AddParameter): Name = "Напряжение"; Value = "В"; VariantName = "[No Variations]"
Add component (AddParameter): Name = "Потребление, Вт"; Value = "0"; VariantName = "[No Variations]"
Add component (AddParameter): Name = "Точность"; Value = "%"; VariantName = "[No Variations]"
Added Component: Designator=C38(SMD_C0402)
Add component (AddParameter): Name = "Value"; Value = "0,1мкФ"; VariantName = "[No Variations]"
Add component (AddParameter): Name = "Диэлектрик"; Value = ""; VariantName = "[No Variations]"
Add component (AddParameter): Name = "Назначение"; Value = "SMD-конденсатор"; VariantName = "[No Variations]"
Add component (AddParameter): Name = "Наименование"; Value = "К10-79"; VariantName = "[No Variations]"
Add component (AddParameter): Name = "Напряжение"; Value = "В"; VariantName = "[No Variations]"
Add component (AddParameter): Name = "Потребление, Вт"; Value = "0"; VariantName = "[No Variations]"
Add component (AddParameter): Name = "Точность"; Value = "%"; VariantName = "[No Variations]"
Added Component: Designator=C39(SMD_C0402)
Add component (AddParameter): Name = "Value"; Value = "0,22мкФ"; VariantName = "[No Variations]"
Add component (AddParameter): Name = "Диэлектрик"; Value = ""; VariantName = "[No Variations]"
Add component (AddParameter): Name = "Назначение"; Value = "SMD-конденсатор"; VariantName = "[No Variations]"
Add component (AddParameter): Name = "Наименование"; Value = "К10-79"; VariantName = "[No Variations]"
Add component (AddParameter): Name = "Напряжение"; Value = "В"; VariantName = "[No Variations]"
Add component (AddParameter): Name = "Потребление, Вт"; Value = "0"; VariantName = "[No Variations]"
Add component (AddParameter): Name = "Точность"; Value = "%"; VariantName = "[No Variations]"
Added Component: Designator=C40(SMD_C0402)
Add component (AddParameter): Name = "Value"; Value = "15нФ"; VariantName = "[No Variations]"
Add component (AddParameter): Name = "Диэлектрик"; Value = ""; VariantName = "[No Variations]"
Add component (AddParameter): Name = "Назначение"; Value = "SMD-конденсатор"; VariantName = "[No Variations]"
Add component (AddParameter): Name = "Наименование"; Value = "К10-79"; VariantName = "[No Variations]"
Add component (AddParameter): Name = "Напряжение"; Value = "В"; VariantName = "[No Variations]"
Add component (AddParameter): Name = "Потребление, Вт"; Value = "0"; VariantName = "[No Variations]"
Add component (AddParameter): Name = "Точность"; Value = "%"; VariantName = "[No Variations]"
Added Component: Designator=C41(SMD_C0402)
Add component (AddParameter): Name = "Value"; Value = "0,1мкФ"; VariantName = "[No Variations]"
Add component (AddParameter): Name = "Диэлектрик"; Value = ""; VariantName = "[No Variations]"
Add component (AddParameter): Name = "Назначение"; Value = "SMD-конденсатор"; VariantName = "[No Variations]"
Add component (AddParameter): Name = "Наименование"; Value = "К10-79"; VariantName = "[No Variations]"
Add component (AddParameter): Name = "Напряжение"; Value = "В"; VariantName = "[No Variations]"
Add component (AddParameter): Name = "Потребление, Вт"; Value = "0"; VariantName = "[No Variations]"
Add component (AddParameter): Name = "Точность"; Value = "%"; VariantName = "[No Variations]"
Added Component: Designator=C42(SMD_C0402)
Add component (AddParameter): Name = "Value"; Value = "0,22мкФ"; VariantName = "[No Variations]"
Add component (AddParameter): Name = "Диэлектрик"; Value = ""; VariantName = "[No Variations]"
Add component (AddParameter): Name = "Назначение"; Value = "SMD-конденсатор"; VariantName = "[No Variations]"
Add component (AddParameter): Name = "Наименование"; Value = "К10-79"; VariantName = "[No Variations]"
Add component (AddParameter): Name = "Напряжение"; Value = "В"; VariantName = "[No Variations]"
Add component (AddParameter): Name = "Потребление, Вт"; Value = "0"; VariantName = "[No Variations]"
Add component (AddParameter): Name = "Точность"; Value = "%"; VariantName = "[No Variations]"
Added Pin To Net: NetName=NetC1_1 Pin=C1-1
Added Pin To Net: NetName=NetC1_2 Pin=C1-2
Added Pin To Net: NetName=NetC2_1 Pin=C2-1
Added Pin To Net: NetName=NetC2_2 Pin=C2-2
Added Pin To Net: NetName=GNDA Pin=C3-1
Added Pin To Net: NetName=GNDA Pin=C3-2
Added Pin To Net: NetName=GNDA Pin=C4-1
Added Pin To Net: NetName=data_11 Pin=C4-2
Added Pin To Net: NetName=GNDA Pin=C5-1
Added Pin To Net: NetName=NetC5_2 Pin=C5-2
Added Pin To Net: NetName=+3.3VA Pin=C6-1
Added Pin To Net: NetName=GNDA Pin=C6-2
Added Pin To Net: NetName=GNDA Pin=C7-1
Added Pin To Net: NetName=data_21 Pin=C7-2
Added Pin To Net: NetName=NetC8_1 Pin=C8-1
Added Pin To Net: NetName=NetC8_2 Pin=C8-2
Added Pin To Net: NetName=NetC9_1 Pin=C9-1
Added Pin To Net: NetName=NetC9_2 Pin=C9-2
Added Pin To Net: NetName=GNDA Pin=C10-1
Added Pin To Net: NetName=GNDA Pin=C10-2
Added Pin To Net: NetName=GNDA Pin=C11-1
Added Pin To Net: NetName=data_12 Pin=C11-2
Added Pin To Net: NetName=GNDA Pin=C12-1
Added Pin To Net: NetName=NetC12_2 Pin=C12-2
Added Pin To Net: NetName=+3.3VA Pin=C13-1
Added Pin To Net: NetName=GNDA Pin=C13-2
Added Pin To Net: NetName=GNDA Pin=C14-1
Added Pin To Net: NetName=data_22 Pin=C14-2
Added Pin To Net: NetName=NetC15_1 Pin=C15-1
Added Pin To Net: NetName=NetC15_2 Pin=C15-2
Added Pin To Net: NetName=NetC16_1 Pin=C16-1
Added Pin To Net: NetName=NetC16_2 Pin=C16-2
Added Pin To Net: NetName=GNDA Pin=C17-1
Added Pin To Net: NetName=GNDA Pin=C17-2
Added Pin To Net: NetName=GNDA Pin=C18-1
Added Pin To Net: NetName=data_13 Pin=C18-2
Added Pin To Net: NetName=GNDA Pin=C19-1
Added Pin To Net: NetName=NetC19_2 Pin=C19-2
Added Pin To Net: NetName=+3.3VA Pin=C20-1
Added Pin To Net: NetName=GNDA Pin=C20-2
Added Pin To Net: NetName=GNDA Pin=C21-1
Added Pin To Net: NetName=data_23 Pin=C21-2
Added Pin To Net: NetName=NetC22_1 Pin=C22-1
Added Pin To Net: NetName=NetC22_2 Pin=C22-2
Added Pin To Net: NetName=NetC23_1 Pin=C23-1
Added Pin To Net: NetName=NetC23_2 Pin=C23-2
Added Pin To Net: NetName=GNDA Pin=C24-1
Added Pin To Net: NetName=GNDA Pin=C24-2
Added Pin To Net: NetName=GNDA Pin=C25-1
Added Pin To Net: NetName=data_14 Pin=C25-2
Added Pin To Net: NetName=GNDA Pin=C26-1
Added Pin To Net: NetName=NetC26_2 Pin=C26-2
Added Pin To Net: NetName=+3.3VA Pin=C27-1
Added Pin To Net: NetName=GNDA Pin=C27-2
Added Pin To Net: NetName=GNDA Pin=C28-1
Added Pin To Net: NetName=data_24 Pin=C28-2
Added Pin To Net: NetName=NetC29_1 Pin=C29-1
Added Pin To Net: NetName=NetC29_2 Pin=C29-2
Added Pin To Net: NetName=NetC30_1 Pin=C30-1
Added Pin To Net: NetName=NetC30_2 Pin=C30-2
Added Pin To Net: NetName=GNDA Pin=C31-1
Added Pin To Net: NetName=GNDA Pin=C31-2
Added Pin To Net: NetName=GNDA Pin=C32-1
Added Pin To Net: NetName=data_15 Pin=C32-2
Added Pin To Net: NetName=GNDA Pin=C33-1
Added Pin To Net: NetName=NetC33_2 Pin=C33-2
Added Pin To Net: NetName=+3.3VA Pin=C34-1
Added Pin To Net: NetName=GNDA Pin=C34-2
Added Pin To Net: NetName=GNDA Pin=C35-1
Added Pin To Net: NetName=data_25 Pin=C35-2
Added Pin To Net: NetName=NetC36_1 Pin=C36-1
Added Pin To Net: NetName=NetC36_2 Pin=C36-2
Added Pin To Net: NetName=NetC37_1 Pin=C37-1
Added Pin To Net: NetName=NetC37_2 Pin=C37-2
Added Pin To Net: NetName=GNDA Pin=C38-1
Added Pin To Net: NetName=GNDA Pin=C38-2
Added Pin To Net: NetName=GNDA Pin=C39-1
Added Pin To Net: NetName=data_16 Pin=C39-2
Added Pin To Net: NetName=GNDA Pin=C40-1
Added Pin To Net: NetName=NetC40_2 Pin=C40-2
Added Pin To Net: NetName=+3.3VA Pin=C41-1
Added Pin To Net: NetName=GNDA Pin=C41-2
Added Pin To Net: NetName=GNDA Pin=C42-1
Added Pin To Net: NetName=data_26 Pin=C42-2
Added Member To Class: ClassName=dv_analog_interface_ch1 Member=Component C1 5.6нФ
Added Member To Class: ClassName=dv_analog_interface_ch1 Member=Component C2 13пФ
Added Member To Class: ClassName=dv_analog_interface_ch1 Member=Component C3 0,1мкФ
Added Member To Class: ClassName=dv_analog_interface_ch1 Member=Component C4 0,22мкФ
Added Member To Class: ClassName=dv_analog_interface_ch1 Member=Component C5 15нФ
Added Member To Class: ClassName=dv_analog_interface_ch1 Member=Component C6 0,1мкФ
Added Member To Class: ClassName=dv_analog_interface_ch1 Member=Component C7 0,22мкФ
Added Member To Class: ClassName=dv_analog_interface_ch2 Member=Component C8 (C1) 5.6нФ
Added Member To Class: ClassName=dv_analog_interface_ch2 Member=Component C9 (C2) 13пФ
Added Member To Class: ClassName=dv_analog_interface_ch2 Member=Component C10 (C3) 0,1мкФ
Added Member To Class: ClassName=dv_analog_interface_ch2 Member=Component C11 (C4) 0,22мкФ
Added Member To Class: ClassName=dv_analog_interface_ch2 Member=Component C12 (C5) 15нФ
Added Member To Class: ClassName=dv_analog_interface_ch2 Member=Component C13 (C6) 0,1мкФ
Added Member To Class: ClassName=dv_analog_interface_ch2 Member=Component C14 (C7) 0,22мкФ
Added Member To Class: ClassName=dv_analog_interface_ch3 Member=Component C15 (C1) 5.6нФ
Added Member To Class: ClassName=dv_analog_interface_ch3 Member=Component C16 (C2) 13пФ
Added Member To Class: ClassName=dv_analog_interface_ch3 Member=Component C17 (C3) 0,1мкФ
Added Member To Class: ClassName=dv_analog_interface_ch3 Member=Component C18 (C4) 0,22мкФ
Added Member To Class: ClassName=dv_analog_interface_ch3 Member=Component C19 (C5) 15нФ
Added Member To Class: ClassName=dv_analog_interface_ch3 Member=Component C20 (C6) 0,1мкФ
Added Member To Class: ClassName=dv_analog_interface_ch3 Member=Component C21 (C7) 0,22мкФ
Added Member To Class: ClassName=dv_analog_interface_ch4 Member=Component C22 (C1) 5.6нФ
Added Member To Class: ClassName=dv_analog_interface_ch4 Member=Component C23 (C2) 13пФ
Added Member To Class: ClassName=dv_analog_interface_ch4 Member=Component C24 (C3) 0,1мкФ
Added Member To Class: ClassName=dv_analog_interface_ch4 Member=Component C25 (C4) 0,22мкФ
Added Member To Class: ClassName=dv_analog_interface_ch4 Member=Component C26 (C5) 15нФ
Added Member To Class: ClassName=dv_analog_interface_ch4 Member=Component C27 (C6) 0,1мкФ
Added Member To Class: ClassName=dv_analog_interface_ch4 Member=Component C28 (C7) 0,22мкФ
Added Member To Class: ClassName=dv_analog_interface_ch5 Member=Component C29 (C1) 5.6нФ
Added Member To Class: ClassName=dv_analog_interface_ch5 Member=Component C30 (C2) 13пФ
Added Member To Class: ClassName=dv_analog_interface_ch5 Member=Component C31 (C3) 0,1мкФ
Added Member To Class: ClassName=dv_analog_interface_ch5 Member=Component C32 (C4) 0,22мкФ
Added Member To Class: ClassName=dv_analog_interface_ch5 Member=Component C33 (C5) 15нФ
Added Member To Class: ClassName=dv_analog_interface_ch5 Member=Component C34 (C6) 0,1мкФ
Added Member To Class: ClassName=dv_analog_interface_ch5 Member=Component C35 (C7) 0,22мкФ
Added Member To Class: ClassName=dv_analog_interface_ch6 Member=Component C36 (C1) 5.6нФ
Added Member To Class: ClassName=dv_analog_interface_ch6 Member=Component C37 (C2) 13пФ
Added Member To Class: ClassName=dv_analog_interface_ch6 Member=Component C38 (C3) 0,1мкФ
Added Member To Class: ClassName=dv_analog_interface_ch6 Member=Component C39 (C4) 0,22мкФ
Added Member To Class: ClassName=dv_analog_interface_ch6 Member=Component C40 (C5) 15нФ
Added Member To Class: ClassName=dv_analog_interface_ch6 Member=Component C41 (C6) 0,1мкФ
Added Member To Class: ClassName=dv_analog_interface_ch6 Member=Component C42 (C7) 0,22мкФ
