Removed Pin From Net: NetName=Voffset Pin=DA1-2
Removed Pin From Net: NetName=NetC1_1 Pin=DA1-3
Removed Pin From Net: NetName=+3.3VA Pin=DA1-4
Removed Pin From Net: NetName=NetC2_2 Pin=DA1-5
Removed Pin From Net: NetName=Voffset Pin=DA1-6
Removed Pin From Net: NetName=GNDA Pin=DA1-8
Removed Pin From Net: NetName=Voffset Pin=DA2-2
Removed Pin From Net: NetName=NetC8_1 Pin=DA2-3
Removed Pin From Net: NetName=+3.3VA Pin=DA2-4
Removed Pin From Net: NetName=NetC9_2 Pin=DA2-5
Removed Pin From Net: NetName=Voffset Pin=DA2-6
Removed Pin From Net: NetName=GNDA Pin=DA2-8
Removed Pin From Net: NetName=Voffset Pin=DA3-2
Removed Pin From Net: NetName=NetC15_1 Pin=DA3-3
Removed Pin From Net: NetName=+3.3VA Pin=DA3-4
Removed Pin From Net: NetName=NetC16_2 Pin=DA3-5
Removed Pin From Net: NetName=Voffset Pin=DA3-6
Removed Pin From Net: NetName=GNDA Pin=DA3-8
Removed Pin From Net: NetName=Voffset Pin=DA4-2
Removed Pin From Net: NetName=NetC22_1 Pin=DA4-3
Removed Pin From Net: NetName=+3.3VA Pin=DA4-4
Removed Pin From Net: NetName=NetC23_2 Pin=DA4-5
Removed Pin From Net: NetName=Voffset Pin=DA4-6
Removed Pin From Net: NetName=GNDA Pin=DA4-8
Removed Pin From Net: NetName=Voffset Pin=DA5-2
Removed Pin From Net: NetName=NetC29_1 Pin=DA5-3
Removed Pin From Net: NetName=+3.3VA Pin=DA5-4
Removed Pin From Net: NetName=NetC30_2 Pin=DA5-5
Removed Pin From Net: NetName=Voffset Pin=DA5-6
Removed Pin From Net: NetName=GNDA Pin=DA5-8
Removed Pin From Net: NetName=Voffset Pin=DA6-2
Removed Pin From Net: NetName=NetC36_1 Pin=DA6-3
Removed Pin From Net: NetName=+3.3VA Pin=DA6-4
Removed Pin From Net: NetName=NetC37_2 Pin=DA6-5
Removed Pin From Net: NetName=Voffset Pin=DA6-6
Removed Pin From Net: NetName=GNDA Pin=DA6-8
Added Pin To Net: NetName=NetC1_1 Pin=DA1-2
Added Pin To Net: NetName=Voffset Pin=DA1-3
Added Pin To Net: NetName=GNDA Pin=DA1-4
Added Pin To Net: NetName=Voffset Pin=DA1-5
Added Pin To Net: NetName=NetC2_2 Pin=DA1-6
Added Pin To Net: NetName=+3.3VA Pin=DA1-8
Added Pin To Net: NetName=NetC8_1 Pin=DA2-2
Added Pin To Net: NetName=Voffset Pin=DA2-3
Added Pin To Net: NetName=GNDA Pin=DA2-4
Added Pin To Net: NetName=Voffset Pin=DA2-5
Added Pin To Net: NetName=NetC9_2 Pin=DA2-6
Added Pin To Net: NetName=+3.3VA Pin=DA2-8
Added Pin To Net: NetName=NetC15_1 Pin=DA3-2
Added Pin To Net: NetName=Voffset Pin=DA3-3
Added Pin To Net: NetName=GNDA Pin=DA3-4
Added Pin To Net: NetName=Voffset Pin=DA3-5
Added Pin To Net: NetName=NetC16_2 Pin=DA3-6
Added Pin To Net: NetName=+3.3VA Pin=DA3-8
Added Pin To Net: NetName=NetC22_1 Pin=DA4-2
Added Pin To Net: NetName=Voffset Pin=DA4-3
Added Pin To Net: NetName=GNDA Pin=DA4-4
Added Pin To Net: NetName=Voffset Pin=DA4-5
Added Pin To Net: NetName=NetC23_2 Pin=DA4-6
Added Pin To Net: NetName=+3.3VA Pin=DA4-8
Added Pin To Net: NetName=NetC29_1 Pin=DA5-2
Added Pin To Net: NetName=Voffset Pin=DA5-3
Added Pin To Net: NetName=GNDA Pin=DA5-4
Added Pin To Net: NetName=Voffset Pin=DA5-5
Added Pin To Net: NetName=NetC30_2 Pin=DA5-6
Added Pin To Net: NetName=+3.3VA Pin=DA5-8
Added Pin To Net: NetName=NetC36_1 Pin=DA6-2
Added Pin To Net: NetName=Voffset Pin=DA6-3
Added Pin To Net: NetName=GNDA Pin=DA6-4
Added Pin To Net: NetName=Voffset Pin=DA6-5
Added Pin To Net: NetName=NetC37_2 Pin=DA6-6
Added Pin To Net: NetName=+3.3VA Pin=DA6-8
