Change Component Parameter Comment in L1 Old= New==Наименование
Change Component Parameter Comment in L2 Old= New==Наименование
Change Component Parameter Comment in R12 Old= New=OSM R1-12
Change Value of Parameter Наименование in Part R12 Old=Резистор New=ОСМ Р1-12
Change Component Parameter Comment in R13 Old= New=OSM R1-12
Change Value of Parameter Наименование in Part R13 Old=Резистор New=ОСМ Р1-12
Change Component Parameter Comment in R14 Old= New=OSM R1-12
Change Value of Parameter Наименование in Part R14 Old=Резистор New=ОСМ Р1-12
Change Component Parameter Comment in R15 Old= New=OSM R1-12
Change Value of Parameter Наименование in Part R15 Old=Резистор New=ОСМ Р1-12
Change Component Parameter Comment in R16 Old= New=OSM R1-12
Change Value of Parameter Наименование in Part R16 Old=Резистор New=ОСМ Р1-12
Change Component Parameter Comment in R17 Old= New=OSM R1-12
Change Value of Parameter Наименование in Part R17 Old=Резистор New=ОСМ Р1-12
Change Component Parameter Comment in R18 Old= New=OSM R1-12
Change Value of Parameter Наименование in Part R18 Old=Резистор New=ОСМ Р1-12
Added Parameter Точность=% to Part R12
Added Parameter Точность=% to Part R13
Added Parameter Точность=% to Part R14
Added Parameter Точность=% to Part R15
Added Parameter Точность=% to Part R16
Added Parameter Точность=% to Part R17
Added Parameter Точность=% to Part R18
Replace Symbol from L1 Inductor in F:\YandexDisk2\YandexDisk\OAI_NSU\Altium_projects\KVV\dv_analog\dv_analog_main.SchDoc with Inductor from Passive.IntLib
Replace Symbol from L2 Inductor in F:\YandexDisk2\YandexDisk\OAI_NSU\Altium_projects\KVV\dv_analog\dv_analog_main.SchDoc with Inductor from Passive.IntLib
Replace Symbol from R12 Resistor in F:\YandexDisk2\YandexDisk\OAI_NSU\Altium_projects\KVV\dv_analog\dv_analog_main.SchDoc with Resistor from Passive.IntLib
Replace Symbol from R13 Resistor in F:\YandexDisk2\YandexDisk\OAI_NSU\Altium_projects\KVV\dv_analog\dv_analog_main.SchDoc with Resistor from Passive.IntLib
Replace Symbol from R14 Resistor in F:\YandexDisk2\YandexDisk\OAI_NSU\Altium_projects\KVV\dv_analog\dv_analog_main.SchDoc with Resistor from Passive.IntLib
Replace Symbol from R15 Resistor in F:\YandexDisk2\YandexDisk\OAI_NSU\Altium_projects\KVV\dv_analog\dv_analog_main.SchDoc with Resistor from Passive.IntLib
Replace Symbol from R16 Resistor in F:\YandexDisk2\YandexDisk\OAI_NSU\Altium_projects\KVV\dv_analog\dv_analog_main.SchDoc with Resistor from Passive.IntLib
Replace Symbol from R17 Resistor in F:\YandexDisk2\YandexDisk\OAI_NSU\Altium_projects\KVV\dv_analog\dv_analog_main.SchDoc with Resistor from Passive.IntLib
Replace Symbol from R18 Resistor in F:\YandexDisk2\YandexDisk\OAI_NSU\Altium_projects\KVV\dv_analog\dv_analog_main.SchDoc with Resistor from Passive.IntLib
