Change Component Comment: Designator=C3 Old Comment=K10-79 New Comment=0,1לך
Change Component Comment: Designator=C3 Old Comment=0,1לך New Comment=0,1לך
Change Component Comment: Designator=C3 Old Comment=0,1לך New Comment=0,1לך
Change Component Comment: Designator=C3 Old Comment=0,1לך New Comment=0,1לך
Change Component Comment: Designator=C3 Old Comment=0,1לך New Comment=0,1לך
Change Component Comment: Designator=C3 Old Comment=0,1לך New Comment=0,1לך
Change Component Comment: Designator=C6 Old Comment=K10-79 New Comment=0,1לך
Change Component Comment: Designator=C6 Old Comment=0,1לך New Comment=0,1לך
Change Component Comment: Designator=C6 Old Comment=0,1לך New Comment=0,1לך
Change Component Comment: Designator=C6 Old Comment=0,1לך New Comment=0,1לך
Change Component Comment: Designator=C6 Old Comment=0,1לך New Comment=0,1לך
Change Component Comment: Designator=C6 Old Comment=0,1לך New Comment=0,1לך
Change Component Comment: Designator=C4 Old Comment=K10-79 New Comment=0,22לך
Change Component Comment: Designator=C4 Old Comment=0,22לך New Comment=0,22לך
Change Component Comment: Designator=C4 Old Comment=0,22לך New Comment=0,22לך
Change Component Comment: Designator=C4 Old Comment=0,22לך New Comment=0,22לך
Change Component Comment: Designator=C4 Old Comment=0,22לך New Comment=0,22לך
Change Component Comment: Designator=C4 Old Comment=0,22לך New Comment=0,22לך
Change Component Comment: Designator=C7 Old Comment=K10-79 New Comment=0,22לך
Change Component Comment: Designator=C7 Old Comment=0,22לך New Comment=0,22לך
Change Component Comment: Designator=C7 Old Comment=0,22לך New Comment=0,22לך
Change Component Comment: Designator=C7 Old Comment=0,22לך New Comment=0,22לך
Change Component Comment: Designator=C7 Old Comment=0,22לך New Comment=0,22לך
Change Component Comment: Designator=C7 Old Comment=0,22לך New Comment=0,22לך
Change Component Comment: Designator=C1 Old Comment=K10-79 New Comment=5.6ם
Change Component Comment: Designator=C1 Old Comment=5.6ם New Comment=5.6ם
Change Component Comment: Designator=C1 Old Comment=5.6ם New Comment=5.6ם
Change Component Comment: Designator=C1 Old Comment=5.6ם New Comment=5.6ם
Change Component Comment: Designator=C1 Old Comment=5.6ם New Comment=5.6ם
Change Component Comment: Designator=C1 Old Comment=5.6ם New Comment=5.6ם
Change Component Comment: Designator=C2 Old Comment=K10-79 New Comment=13ן
Change Component Comment: Designator=C2 Old Comment=13ן New Comment=13ן
Change Component Comment: Designator=C2 Old Comment=13ן New Comment=13ן
Change Component Comment: Designator=C2 Old Comment=13ן New Comment=13ן
Change Component Comment: Designator=C2 Old Comment=13ן New Comment=13ן
Change Component Comment: Designator=C2 Old Comment=13ן New Comment=13ן
Change Component Comment: Designator=C5 Old Comment=K10-79 New Comment=15ם
Change Component Comment: Designator=C5 Old Comment=15ם New Comment=15ם
Change Component Comment: Designator=C5 Old Comment=15ם New Comment=15ם
Change Component Comment: Designator=C5 Old Comment=15ם New Comment=15ם
Change Component Comment: Designator=C5 Old Comment=15ם New Comment=15ם
Change Component Comment: Designator=C5 Old Comment=15ם New Comment=15ם
Change Component Comment: Designator=R3 Old Comment=OSM R1-12 New Comment=0
Change Component Comment: Designator=R3 Old Comment=0 New Comment=0
Change Component Comment: Designator=R3 Old Comment=0 New Comment=0
Change Component Comment: Designator=R3 Old Comment=0 New Comment=0
Change Component Comment: Designator=R3 Old Comment=0 New Comment=0
Change Component Comment: Designator=R3 Old Comment=0 New Comment=0
Change Component Comment: Designator=R4 Old Comment=OSM R1-12 New Comment=0
Change Component Comment: Designator=R4 Old Comment=0 New Comment=0
Change Component Comment: Designator=R4 Old Comment=0 New Comment=0
Change Component Comment: Designator=R4 Old Comment=0 New Comment=0
Change Component Comment: Designator=R4 Old Comment=0 New Comment=0
Change Component Comment: Designator=R4 Old Comment=0 New Comment=0
Change Component Comment: Designator=R6 Old Comment=OSM R1-12 New Comment=0
Change Component Comment: Designator=R6 Old Comment=0 New Comment=0
Change Component Comment: Designator=R6 Old Comment=0 New Comment=0
Change Component Comment: Designator=R6 Old Comment=0 New Comment=0
Change Component Comment: Designator=R6 Old Comment=0 New Comment=0
Change Component Comment: Designator=R6 Old Comment=0 New Comment=0
Change Component Comment: Designator=R10 Old Comment=OSM R1-12 New Comment=0
Change Component Comment: Designator=R10 Old Comment=0 New Comment=0
Change Component Comment: Designator=R10 Old Comment=0 New Comment=0
Change Component Comment: Designator=R10 Old Comment=0 New Comment=0
Change Component Comment: Designator=R10 Old Comment=0 New Comment=0
Change Component Comment: Designator=R10 Old Comment=0 New Comment=0
Change Component Comment: Designator=R14 Old Comment=OSM R1-12 New Comment=1k
Change Component Comment: Designator=R15 Old Comment=OSM R1-12 New Comment=1k
Change Component Comment: Designator=R17 Old Comment=OSM R1-12 New Comment=1k
Change Component Comment: Designator=R8 Old Comment=OSM R1-12 New Comment=1ך
Change Component Comment: Designator=R8 Old Comment=1ך New Comment=1ך
Change Component Comment: Designator=R8 Old Comment=1ך New Comment=1ך
Change Component Comment: Designator=R8 Old Comment=1ך New Comment=1ך
Change Component Comment: Designator=R8 Old Comment=1ך New Comment=1ך
Change Component Comment: Designator=R8 Old Comment=1ך New Comment=1ך
Change Component Comment: Designator=R9 Old Comment=OSM R1-12 New Comment=1ך
Change Component Comment: Designator=R9 Old Comment=1ך New Comment=1ך
Change Component Comment: Designator=R9 Old Comment=1ך New Comment=1ך
Change Component Comment: Designator=R9 Old Comment=1ך New Comment=1ך
Change Component Comment: Designator=R9 Old Comment=1ך New Comment=1ך
Change Component Comment: Designator=R9 Old Comment=1ך New Comment=1ך
Change Component Comment: Designator=R18 Old Comment=OSM R1-12 New Comment=3k3
Change Component Comment: Designator=R12 Old Comment=OSM R1-12 New Comment=10k
Change Component Comment: Designator=R13 Old Comment=OSM R1-12 New Comment=10k
Change Component Comment: Designator=R1 Old Comment=OSM R1-12 New Comment=10M
Change Component Comment: Designator=R1 Old Comment=10M New Comment=10M
Change Component Comment: Designator=R1 Old Comment=10M New Comment=10M
Change Component Comment: Designator=R1 Old Comment=10M New Comment=10M
Change Component Comment: Designator=R1 Old Comment=10M New Comment=10M
Change Component Comment: Designator=R1 Old Comment=10M New Comment=10M
Change Component Comment: Designator=R2 Old Comment=OSM R1-12 New Comment=10M
Change Component Comment: Designator=R2 Old Comment=10M New Comment=10M
Change Component Comment: Designator=R2 Old Comment=10M New Comment=10M
Change Component Comment: Designator=R2 Old Comment=10M New Comment=10M
Change Component Comment: Designator=R2 Old Comment=10M New Comment=10M
Change Component Comment: Designator=R2 Old Comment=10M New Comment=10M
Change Component Comment: Designator=R11 Old Comment=OSM R1-12 New Comment=10M
Change Component Comment: Designator=R11 Old Comment=10M New Comment=10M
Change Component Comment: Designator=R11 Old Comment=10M New Comment=10M
Change Component Comment: Designator=R11 Old Comment=10M New Comment=10M
Change Component Comment: Designator=R11 Old Comment=10M New Comment=10M
Change Component Comment: Designator=R11 Old Comment=10M New Comment=10M
Change Component Comment: Designator=R5 Old Comment=OSM R1-12 New Comment=30k
Change Component Comment: Designator=R5 Old Comment=30k New Comment=30k
Change Component Comment: Designator=R5 Old Comment=30k New Comment=30k
Change Component Comment: Designator=R5 Old Comment=30k New Comment=30k
Change Component Comment: Designator=R5 Old Comment=30k New Comment=30k
Change Component Comment: Designator=R5 Old Comment=30k New Comment=30k
Change Component Comment: Designator=R7 Old Comment=OSM R1-12 New Comment=51
Change Component Comment: Designator=R7 Old Comment=51 New Comment=51
Change Component Comment: Designator=R7 Old Comment=51 New Comment=51
Change Component Comment: Designator=R7 Old Comment=51 New Comment=51
Change Component Comment: Designator=R7 Old Comment=51 New Comment=51
Change Component Comment: Designator=R7 Old Comment=51 New Comment=51
Change Component Comment: Designator=R16 Old Comment=OSM R1-12 New Comment=510
Change Component Comment: Designator=L1 Old Comment==אטלוםמגאםטו New Comment=1לךם
Change Component Comment: Designator=L2 Old Comment==אטלוםמגאםטו New Comment=1לךם
