Change Component Library : Designator=DA1 Old Library=Amplifier.IntLib New Library=1487UD2U.Schlib
Change Component Library : Designator=DA2 Old Library=Amplifier.IntLib New Library=1487UD2U.Schlib
Change Component Library : Designator=DA3 Old Library=Amplifier.IntLib New Library=1487UD2U.Schlib
Change Component Library : Designator=DA4 Old Library=Amplifier.IntLib New Library=1487UD2U.Schlib
Change Component Library : Designator=DA5 Old Library=Amplifier.IntLib New Library=1487UD2U.Schlib
Change Component Library : Designator=DA6 Old Library=Amplifier.IntLib New Library=1487UD2U.Schlib
Change component parameters: Designator = "R1" ("R1"); Footprint = "SMD_0805"; UniqueID = "\1BEKHQZLN\LJYNQXZZ" ("\1BEKHQZLN\LJYNQXZZ")
Change component parameters (AddParameter): Name = "Value"; Value = "10M"; VariantName = "[No Variations]"
Change component parameters (AddParameter): Name = "Назначение"; Value = "SMD-резистор"; VariantName = "[No Variations]"
Change component parameters (AddParameter): Name = "Наименование"; Value = "ОСМ Р1-12"; VariantName = "[No Variations]"
Change component parameters (AddParameter): Name = "Потребление, Вт"; Value = "0,001"; VariantName = "[No Variations]"
Change component parameters (AddParameter): Name = "Точность"; Value = "%"; VariantName = "[No Variations]"
Change component parameters: Designator = "R2" ("R2"); Footprint = "SMD_0805"; UniqueID = "\1BEKHQZLN\YSHEOBSU" ("\1BEKHQZLN\YSHEOBSU")
Change component parameters (AddParameter): Name = "Value"; Value = "10M"; VariantName = "[No Variations]"
Change component parameters (AddParameter): Name = "Назначение"; Value = "SMD-резистор"; VariantName = "[No Variations]"
Change component parameters (AddParameter): Name = "Наименование"; Value = "ОСМ Р1-12"; VariantName = "[No Variations]"
Change component parameters (AddParameter): Name = "Потребление, Вт"; Value = "0,001"; VariantName = "[No Variations]"
Change component parameters (AddParameter): Name = "Точность"; Value = "%"; VariantName = "[No Variations]"
Change component parameters: Designator = "R3" ("R3"); Footprint = "SMD_0805"; UniqueID = "\1BEKHQZLN\LYHQGWTU" ("\1BEKHQZLN\LYHQGWTU")
Change component parameters (AddParameter): Name = "Value"; Value = "0"; VariantName = "[No Variations]"
Change component parameters (AddParameter): Name = "Назначение"; Value = "SMD-резистор"; VariantName = "[No Variations]"
Change component parameters (AddParameter): Name = "Наименование"; Value = "ОСМ Р1-12"; VariantName = "[No Variations]"
Change component parameters (AddParameter): Name = "Потребление, Вт"; Value = "0,001"; VariantName = "[No Variations]"
Change component parameters (AddParameter): Name = "Точность"; Value = "%"; VariantName = "[No Variations]"
Change component parameters: Designator = "R4" ("R4"); Footprint = "SMD_0805"; UniqueID = "\1BEKHQZLN\KROSVHSG" ("\1BEKHQZLN\KROSVHSG")
Change component parameters (AddParameter): Name = "Value"; Value = "0"; VariantName = "[No Variations]"
Change component parameters (AddParameter): Name = "Назначение"; Value = "SMD-резистор"; VariantName = "[No Variations]"
Change component parameters (AddParameter): Name = "Наименование"; Value = "ОСМ Р1-12"; VariantName = "[No Variations]"
Change component parameters (AddParameter): Name = "Потребление, Вт"; Value = "0,001"; VariantName = "[No Variations]"
Change component parameters (AddParameter): Name = "Точность"; Value = "%"; VariantName = "[No Variations]"
Change component parameters: Designator = "R5" ("R5"); Footprint = "SMD_0805"; UniqueID = "\1BEKHQZLN\IXIUJCED" ("\1BEKHQZLN\IXIUJCED")
Change component parameters (AddParameter): Name = "Value"; Value = "30k"; VariantName = "[No Variations]"
Change component parameters (AddParameter): Name = "Назначение"; Value = "SMD-резистор"; VariantName = "[No Variations]"
Change component parameters (AddParameter): Name = "Наименование"; Value = "ОСМ Р1-12"; VariantName = "[No Variations]"
Change component parameters (AddParameter): Name = "Потребление, Вт"; Value = "0,001"; VariantName = "[No Variations]"
Change component parameters (AddParameter): Name = "Точность"; Value = "%"; VariantName = "[No Variations]"
Change component parameters: Designator = "R6" ("R6"); Footprint = "SMD_0805"; UniqueID = "\1BEKHQZLN\WOUGDJDU" ("\1BEKHQZLN\WOUGDJDU")
Change component parameters (AddParameter): Name = "Value"; Value = "0"; VariantName = "[No Variations]"
Change component parameters (AddParameter): Name = "Назначение"; Value = "SMD-резистор"; VariantName = "[No Variations]"
Change component parameters (AddParameter): Name = "Наименование"; Value = "ОСМ Р1-12"; VariantName = "[No Variations]"
Change component parameters (AddParameter): Name = "Потребление, Вт"; Value = "0,001"; VariantName = "[No Variations]"
Change component parameters (AddParameter): Name = "Точность"; Value = "%"; VariantName = "[No Variations]"
Change component parameters: Designator = "R7" ("R7"); Footprint = "SMD_0805"; UniqueID = "\1BEKHQZLN\LPBLHLRB" ("\1BEKHQZLN\LPBLHLRB")
Change component parameters (AddParameter): Name = "Value"; Value = "51"; VariantName = "[No Variations]"
Change component parameters (AddParameter): Name = "Назначение"; Value = "SMD-резистор"; VariantName = "[No Variations]"
Change component parameters (AddParameter): Name = "Наименование"; Value = "ОСМ Р1-12"; VariantName = "[No Variations]"
Change component parameters (AddParameter): Name = "Потребление, Вт"; Value = "0,001"; VariantName = "[No Variations]"
Change component parameters (AddParameter): Name = "Точность"; Value = "%"; VariantName = "[No Variations]"
Change component parameters: Designator = "R8" ("R8"); Footprint = "SMD_0805"; UniqueID = "\1BEKHQZLN\AJWMCEML" ("\1BEKHQZLN\AJWMCEML")
Change component parameters (AddParameter): Name = "Value"; Value = "1к"; VariantName = "[No Variations]"
Change component parameters (AddParameter): Name = "Назначение"; Value = "SMD-резистор"; VariantName = "[No Variations]"
Change component parameters (AddParameter): Name = "Наименование"; Value = "ОСМ Р1-12"; VariantName = "[No Variations]"
Change component parameters (AddParameter): Name = "Потребление, Вт"; Value = "0,001"; VariantName = "[No Variations]"
Change component parameters (AddParameter): Name = "Точность"; Value = "%"; VariantName = "[No Variations]"
Change component parameters: Designator = "R9" ("R9"); Footprint = "SMD_0805"; UniqueID = "\1BEKHQZLN\PKMHKNYB" ("\1BEKHQZLN\PKMHKNYB")
Change component parameters (AddParameter): Name = "Value"; Value = "1к"; VariantName = "[No Variations]"
Change component parameters (AddParameter): Name = "Назначение"; Value = "SMD-резистор"; VariantName = "[No Variations]"
Change component parameters (AddParameter): Name = "Наименование"; Value = "ОСМ Р1-12"; VariantName = "[No Variations]"
Change component parameters (AddParameter): Name = "Потребление, Вт"; Value = "0,001"; VariantName = "[No Variations]"
Change component parameters (AddParameter): Name = "Точность"; Value = "%"; VariantName = "[No Variations]"
Change component parameters: Designator = "R10" ("R10"); Footprint = "SMD_0805"; UniqueID = "\1BEKHQZLN\OTBRNLWV" ("\1BEKHQZLN\OTBRNLWV")
Change component parameters (AddParameter): Name = "Value"; Value = "0"; VariantName = "[No Variations]"
Change component parameters (AddParameter): Name = "Назначение"; Value = "SMD-резистор"; VariantName = "[No Variations]"
Change component parameters (AddParameter): Name = "Наименование"; Value = "ОСМ Р1-12"; VariantName = "[No Variations]"
Change component parameters (AddParameter): Name = "Потребление, Вт"; Value = "0,001"; VariantName = "[No Variations]"
Change component parameters (AddParameter): Name = "Точность"; Value = "%"; VariantName = "[No Variations]"
Change component parameters: Designator = "R11" ("R11"); Footprint = "SMD_0805"; UniqueID = "\1BEKHQZLN\ZAYYMMRZ" ("\1BEKHQZLN\ZAYYMMRZ")
Change component parameters (AddParameter): Name = "Value"; Value = "10M"; VariantName = "[No Variations]"
Change component parameters (AddParameter): Name = "Назначение"; Value = "SMD-резистор"; VariantName = "[No Variations]"
Change component parameters (AddParameter): Name = "Наименование"; Value = "ОСМ Р1-12"; VariantName = "[No Variations]"
Change component parameters (AddParameter): Name = "Потребление, Вт"; Value = "0,001"; VariantName = "[No Variations]"
Change component parameters (AddParameter): Name = "Точность"; Value = "%"; VariantName = "[No Variations]"
Change component parameters: Designator = "R12" ("R1"); Footprint = "SMD_0805"; UniqueID = "\2BEKHQZLN\LJYNQXZZ" ("\2BEKHQZLN\LJYNQXZZ")
Change component parameters (AddParameter): Name = "Value"; Value = "10M"; VariantName = "[No Variations]"
Change component parameters (AddParameter): Name = "Назначение"; Value = "SMD-резистор"; VariantName = "[No Variations]"
Change component parameters (AddParameter): Name = "Наименование"; Value = "ОСМ Р1-12"; VariantName = "[No Variations]"
Change component parameters (AddParameter): Name = "Потребление, Вт"; Value = "0,001"; VariantName = "[No Variations]"
Change component parameters (AddParameter): Name = "Точность"; Value = "%"; VariantName = "[No Variations]"
Change component parameters: Designator = "R13" ("R2"); Footprint = "SMD_0805"; UniqueID = "\2BEKHQZLN\YSHEOBSU" ("\2BEKHQZLN\YSHEOBSU")
Change component parameters (AddParameter): Name = "Value"; Value = "10M"; VariantName = "[No Variations]"
Change component parameters (AddParameter): Name = "Назначение"; Value = "SMD-резистор"; VariantName = "[No Variations]"
Change component parameters (AddParameter): Name = "Наименование"; Value = "ОСМ Р1-12"; VariantName = "[No Variations]"
Change component parameters (AddParameter): Name = "Потребление, Вт"; Value = "0,001"; VariantName = "[No Variations]"
Change component parameters (AddParameter): Name = "Точность"; Value = "%"; VariantName = "[No Variations]"
Change component parameters: Designator = "R14" ("R3"); Footprint = "SMD_0805"; UniqueID = "\2BEKHQZLN\LYHQGWTU" ("\2BEKHQZLN\LYHQGWTU")
Change component parameters (AddParameter): Name = "Value"; Value = "0"; VariantName = "[No Variations]"
Change component parameters (AddParameter): Name = "Назначение"; Value = "SMD-резистор"; VariantName = "[No Variations]"
Change component parameters (AddParameter): Name = "Наименование"; Value = "ОСМ Р1-12"; VariantName = "[No Variations]"
Change component parameters (AddParameter): Name = "Потребление, Вт"; Value = "0,001"; VariantName = "[No Variations]"
Change component parameters (AddParameter): Name = "Точность"; Value = "%"; VariantName = "[No Variations]"
Change component parameters: Designator = "R15" ("R4"); Footprint = "SMD_0805"; UniqueID = "\2BEKHQZLN\KROSVHSG" ("\2BEKHQZLN\KROSVHSG")
Change component parameters (AddParameter): Name = "Value"; Value = "0"; VariantName = "[No Variations]"
Change component parameters (AddParameter): Name = "Назначение"; Value = "SMD-резистор"; VariantName = "[No Variations]"
Change component parameters (AddParameter): Name = "Наименование"; Value = "ОСМ Р1-12"; VariantName = "[No Variations]"
Change component parameters (AddParameter): Name = "Потребление, Вт"; Value = "0,001"; VariantName = "[No Variations]"
Change component parameters (AddParameter): Name = "Точность"; Value = "%"; VariantName = "[No Variations]"
Change component parameters: Designator = "R16" ("R5"); Footprint = "SMD_0805"; UniqueID = "\2BEKHQZLN\IXIUJCED" ("\2BEKHQZLN\IXIUJCED")
Change component parameters (AddParameter): Name = "Value"; Value = "30k"; VariantName = "[No Variations]"
Change component parameters (AddParameter): Name = "Назначение"; Value = "SMD-резистор"; VariantName = "[No Variations]"
Change component parameters (AddParameter): Name = "Наименование"; Value = "ОСМ Р1-12"; VariantName = "[No Variations]"
Change component parameters (AddParameter): Name = "Потребление, Вт"; Value = "0,001"; VariantName = "[No Variations]"
Change component parameters (AddParameter): Name = "Точность"; Value = "%"; VariantName = "[No Variations]"
Change component parameters: Designator = "R17" ("R6"); Footprint = "SMD_0805"; UniqueID = "\2BEKHQZLN\WOUGDJDU" ("\2BEKHQZLN\WOUGDJDU")
Change component parameters (AddParameter): Name = "Value"; Value = "0"; VariantName = "[No Variations]"
Change component parameters (AddParameter): Name = "Назначение"; Value = "SMD-резистор"; VariantName = "[No Variations]"
Change component parameters (AddParameter): Name = "Наименование"; Value = "ОСМ Р1-12"; VariantName = "[No Variations]"
Change component parameters (AddParameter): Name = "Потребление, Вт"; Value = "0,001"; VariantName = "[No Variations]"
Change component parameters (AddParameter): Name = "Точность"; Value = "%"; VariantName = "[No Variations]"
Change component parameters: Designator = "R18" ("R7"); Footprint = "SMD_0805"; UniqueID = "\2BEKHQZLN\LPBLHLRB" ("\2BEKHQZLN\LPBLHLRB")
Change component parameters (AddParameter): Name = "Value"; Value = "51"; VariantName = "[No Variations]"
Change component parameters (AddParameter): Name = "Назначение"; Value = "SMD-резистор"; VariantName = "[No Variations]"
Change component parameters (AddParameter): Name = "Наименование"; Value = "ОСМ Р1-12"; VariantName = "[No Variations]"
Change component parameters (AddParameter): Name = "Потребление, Вт"; Value = "0,001"; VariantName = "[No Variations]"
Change component parameters (AddParameter): Name = "Точность"; Value = "%"; VariantName = "[No Variations]"
Change component parameters: Designator = "R19" ("R8"); Footprint = "SMD_0805"; UniqueID = "\2BEKHQZLN\AJWMCEML" ("\2BEKHQZLN\AJWMCEML")
Change component parameters (AddParameter): Name = "Value"; Value = "1к"; VariantName = "[No Variations]"
Change component parameters (AddParameter): Name = "Назначение"; Value = "SMD-резистор"; VariantName = "[No Variations]"
Change component parameters (AddParameter): Name = "Наименование"; Value = "ОСМ Р1-12"; VariantName = "[No Variations]"
Change component parameters (AddParameter): Name = "Потребление, Вт"; Value = "0,001"; VariantName = "[No Variations]"
Change component parameters (AddParameter): Name = "Точность"; Value = "%"; VariantName = "[No Variations]"
Change component parameters: Designator = "R20" ("R9"); Footprint = "SMD_0805"; UniqueID = "\2BEKHQZLN\PKMHKNYB" ("\2BEKHQZLN\PKMHKNYB")
Change component parameters (AddParameter): Name = "Value"; Value = "1к"; VariantName = "[No Variations]"
Change component parameters (AddParameter): Name = "Назначение"; Value = "SMD-резистор"; VariantName = "[No Variations]"
Change component parameters (AddParameter): Name = "Наименование"; Value = "ОСМ Р1-12"; VariantName = "[No Variations]"
Change component parameters (AddParameter): Name = "Потребление, Вт"; Value = "0,001"; VariantName = "[No Variations]"
Change component parameters (AddParameter): Name = "Точность"; Value = "%"; VariantName = "[No Variations]"
Change component parameters: Designator = "R21" ("R10"); Footprint = "SMD_0805"; UniqueID = "\2BEKHQZLN\OTBRNLWV" ("\2BEKHQZLN\OTBRNLWV")
Change component parameters (AddParameter): Name = "Value"; Value = "0"; VariantName = "[No Variations]"
Change component parameters (AddParameter): Name = "Назначение"; Value = "SMD-резистор"; VariantName = "[No Variations]"
Change component parameters (AddParameter): Name = "Наименование"; Value = "ОСМ Р1-12"; VariantName = "[No Variations]"
Change component parameters (AddParameter): Name = "Потребление, Вт"; Value = "0,001"; VariantName = "[No Variations]"
Change component parameters (AddParameter): Name = "Точность"; Value = "%"; VariantName = "[No Variations]"
Change component parameters: Designator = "R22" ("R11"); Footprint = "SMD_0805"; UniqueID = "\2BEKHQZLN\ZAYYMMRZ" ("\2BEKHQZLN\ZAYYMMRZ")
Change component parameters (AddParameter): Name = "Value"; Value = "10M"; VariantName = "[No Variations]"
Change component parameters (AddParameter): Name = "Назначение"; Value = "SMD-резистор"; VariantName = "[No Variations]"
Change component parameters (AddParameter): Name = "Наименование"; Value = "ОСМ Р1-12"; VariantName = "[No Variations]"
Change component parameters (AddParameter): Name = "Потребление, Вт"; Value = "0,001"; VariantName = "[No Variations]"
Change component parameters (AddParameter): Name = "Точность"; Value = "%"; VariantName = "[No Variations]"
Change component parameters: Designator = "R23" ("R1"); Footprint = "SMD_0805"; UniqueID = "\3BEKHQZLN\LJYNQXZZ" ("\3BEKHQZLN\LJYNQXZZ")
Change component parameters (AddParameter): Name = "Value"; Value = "10M"; VariantName = "[No Variations]"
Change component parameters (AddParameter): Name = "Назначение"; Value = "SMD-резистор"; VariantName = "[No Variations]"
Change component parameters (AddParameter): Name = "Наименование"; Value = "ОСМ Р1-12"; VariantName = "[No Variations]"
Change component parameters (AddParameter): Name = "Потребление, Вт"; Value = "0,001"; VariantName = "[No Variations]"
Change component parameters (AddParameter): Name = "Точность"; Value = "%"; VariantName = "[No Variations]"
Change component parameters: Designator = "R24" ("R2"); Footprint = "SMD_0805"; UniqueID = "\3BEKHQZLN\YSHEOBSU" ("\3BEKHQZLN\YSHEOBSU")
Change component parameters (AddParameter): Name = "Value"; Value = "10M"; VariantName = "[No Variations]"
Change component parameters (AddParameter): Name = "Назначение"; Value = "SMD-резистор"; VariantName = "[No Variations]"
Change component parameters (AddParameter): Name = "Наименование"; Value = "ОСМ Р1-12"; VariantName = "[No Variations]"
Change component parameters (AddParameter): Name = "Потребление, Вт"; Value = "0,001"; VariantName = "[No Variations]"
Change component parameters (AddParameter): Name = "Точность"; Value = "%"; VariantName = "[No Variations]"
Change component parameters: Designator = "R25" ("R3"); Footprint = "SMD_0805"; UniqueID = "\3BEKHQZLN\LYHQGWTU" ("\3BEKHQZLN\LYHQGWTU")
Change component parameters (AddParameter): Name = "Value"; Value = "0"; VariantName = "[No Variations]"
Change component parameters (AddParameter): Name = "Назначение"; Value = "SMD-резистор"; VariantName = "[No Variations]"
Change component parameters (AddParameter): Name = "Наименование"; Value = "ОСМ Р1-12"; VariantName = "[No Variations]"
Change component parameters (AddParameter): Name = "Потребление, Вт"; Value = "0,001"; VariantName = "[No Variations]"
Change component parameters (AddParameter): Name = "Точность"; Value = "%"; VariantName = "[No Variations]"
Change component parameters: Designator = "R26" ("R4"); Footprint = "SMD_0805"; UniqueID = "\3BEKHQZLN\KROSVHSG" ("\3BEKHQZLN\KROSVHSG")
Change component parameters (AddParameter): Name = "Value"; Value = "0"; VariantName = "[No Variations]"
Change component parameters (AddParameter): Name = "Назначение"; Value = "SMD-резистор"; VariantName = "[No Variations]"
Change component parameters (AddParameter): Name = "Наименование"; Value = "ОСМ Р1-12"; VariantName = "[No Variations]"
Change component parameters (AddParameter): Name = "Потребление, Вт"; Value = "0,001"; VariantName = "[No Variations]"
Change component parameters (AddParameter): Name = "Точность"; Value = "%"; VariantName = "[No Variations]"
Change component parameters: Designator = "R27" ("R5"); Footprint = "SMD_0805"; UniqueID = "\3BEKHQZLN\IXIUJCED" ("\3BEKHQZLN\IXIUJCED")
Change component parameters (AddParameter): Name = "Value"; Value = "30k"; VariantName = "[No Variations]"
Change component parameters (AddParameter): Name = "Назначение"; Value = "SMD-резистор"; VariantName = "[No Variations]"
Change component parameters (AddParameter): Name = "Наименование"; Value = "ОСМ Р1-12"; VariantName = "[No Variations]"
Change component parameters (AddParameter): Name = "Потребление, Вт"; Value = "0,001"; VariantName = "[No Variations]"
Change component parameters (AddParameter): Name = "Точность"; Value = "%"; VariantName = "[No Variations]"
Change component parameters: Designator = "R28" ("R6"); Footprint = "SMD_0805"; UniqueID = "\3BEKHQZLN\WOUGDJDU" ("\3BEKHQZLN\WOUGDJDU")
Change component parameters (AddParameter): Name = "Value"; Value = "0"; VariantName = "[No Variations]"
Change component parameters (AddParameter): Name = "Назначение"; Value = "SMD-резистор"; VariantName = "[No Variations]"
Change component parameters (AddParameter): Name = "Наименование"; Value = "ОСМ Р1-12"; VariantName = "[No Variations]"
Change component parameters (AddParameter): Name = "Потребление, Вт"; Value = "0,001"; VariantName = "[No Variations]"
Change component parameters (AddParameter): Name = "Точность"; Value = "%"; VariantName = "[No Variations]"
Change component parameters: Designator = "R29" ("R7"); Footprint = "SMD_0805"; UniqueID = "\3BEKHQZLN\LPBLHLRB" ("\3BEKHQZLN\LPBLHLRB")
Change component parameters (AddParameter): Name = "Value"; Value = "51"; VariantName = "[No Variations]"
Change component parameters (AddParameter): Name = "Назначение"; Value = "SMD-резистор"; VariantName = "[No Variations]"
Change component parameters (AddParameter): Name = "Наименование"; Value = "ОСМ Р1-12"; VariantName = "[No Variations]"
Change component parameters (AddParameter): Name = "Потребление, Вт"; Value = "0,001"; VariantName = "[No Variations]"
Change component parameters (AddParameter): Name = "Точность"; Value = "%"; VariantName = "[No Variations]"
Change component parameters: Designator = "R30" ("R8"); Footprint = "SMD_0805"; UniqueID = "\3BEKHQZLN\AJWMCEML" ("\3BEKHQZLN\AJWMCEML")
Change component parameters (AddParameter): Name = "Value"; Value = "1к"; VariantName = "[No Variations]"
Change component parameters (AddParameter): Name = "Назначение"; Value = "SMD-резистор"; VariantName = "[No Variations]"
Change component parameters (AddParameter): Name = "Наименование"; Value = "ОСМ Р1-12"; VariantName = "[No Variations]"
Change component parameters (AddParameter): Name = "Потребление, Вт"; Value = "0,001"; VariantName = "[No Variations]"
Change component parameters (AddParameter): Name = "Точность"; Value = "%"; VariantName = "[No Variations]"
Change component parameters: Designator = "R31" ("R9"); Footprint = "SMD_0805"; UniqueID = "\3BEKHQZLN\PKMHKNYB" ("\3BEKHQZLN\PKMHKNYB")
Change component parameters (AddParameter): Name = "Value"; Value = "1к"; VariantName = "[No Variations]"
Change component parameters (AddParameter): Name = "Назначение"; Value = "SMD-резистор"; VariantName = "[No Variations]"
Change component parameters (AddParameter): Name = "Наименование"; Value = "ОСМ Р1-12"; VariantName = "[No Variations]"
Change component parameters (AddParameter): Name = "Потребление, Вт"; Value = "0,001"; VariantName = "[No Variations]"
Change component parameters (AddParameter): Name = "Точность"; Value = "%"; VariantName = "[No Variations]"
Change component parameters: Designator = "R32" ("R10"); Footprint = "SMD_0805"; UniqueID = "\3BEKHQZLN\OTBRNLWV" ("\3BEKHQZLN\OTBRNLWV")
Change component parameters (AddParameter): Name = "Value"; Value = "0"; VariantName = "[No Variations]"
Change component parameters (AddParameter): Name = "Назначение"; Value = "SMD-резистор"; VariantName = "[No Variations]"
Change component parameters (AddParameter): Name = "Наименование"; Value = "ОСМ Р1-12"; VariantName = "[No Variations]"
Change component parameters (AddParameter): Name = "Потребление, Вт"; Value = "0,001"; VariantName = "[No Variations]"
Change component parameters (AddParameter): Name = "Точность"; Value = "%"; VariantName = "[No Variations]"
Change component parameters: Designator = "R33" ("R11"); Footprint = "SMD_0805"; UniqueID = "\3BEKHQZLN\ZAYYMMRZ" ("\3BEKHQZLN\ZAYYMMRZ")
Change component parameters (AddParameter): Name = "Value"; Value = "10M"; VariantName = "[No Variations]"
Change component parameters (AddParameter): Name = "Назначение"; Value = "SMD-резистор"; VariantName = "[No Variations]"
Change component parameters (AddParameter): Name = "Наименование"; Value = "ОСМ Р1-12"; VariantName = "[No Variations]"
Change component parameters (AddParameter): Name = "Потребление, Вт"; Value = "0,001"; VariantName = "[No Variations]"
Change component parameters (AddParameter): Name = "Точность"; Value = "%"; VariantName = "[No Variations]"
Change component parameters: Designator = "R34" ("R1"); Footprint = "SMD_0805"; UniqueID = "\4BEKHQZLN\LJYNQXZZ" ("\4BEKHQZLN\LJYNQXZZ")
Change component parameters (AddParameter): Name = "Value"; Value = "10M"; VariantName = "[No Variations]"
Change component parameters (AddParameter): Name = "Назначение"; Value = "SMD-резистор"; VariantName = "[No Variations]"
Change component parameters (AddParameter): Name = "Наименование"; Value = "ОСМ Р1-12"; VariantName = "[No Variations]"
Change component parameters (AddParameter): Name = "Потребление, Вт"; Value = "0,001"; VariantName = "[No Variations]"
Change component parameters (AddParameter): Name = "Точность"; Value = "%"; VariantName = "[No Variations]"
Change component parameters: Designator = "R35" ("R2"); Footprint = "SMD_0805"; UniqueID = "\4BEKHQZLN\YSHEOBSU" ("\4BEKHQZLN\YSHEOBSU")
Change component parameters (AddParameter): Name = "Value"; Value = "10M"; VariantName = "[No Variations]"
Change component parameters (AddParameter): Name = "Назначение"; Value = "SMD-резистор"; VariantName = "[No Variations]"
Change component parameters (AddParameter): Name = "Наименование"; Value = "ОСМ Р1-12"; VariantName = "[No Variations]"
Change component parameters (AddParameter): Name = "Потребление, Вт"; Value = "0,001"; VariantName = "[No Variations]"
Change component parameters (AddParameter): Name = "Точность"; Value = "%"; VariantName = "[No Variations]"
Change component parameters: Designator = "R36" ("R3"); Footprint = "SMD_0805"; UniqueID = "\4BEKHQZLN\LYHQGWTU" ("\4BEKHQZLN\LYHQGWTU")
Change component parameters (AddParameter): Name = "Value"; Value = "0"; VariantName = "[No Variations]"
Change component parameters (AddParameter): Name = "Назначение"; Value = "SMD-резистор"; VariantName = "[No Variations]"
Change component parameters (AddParameter): Name = "Наименование"; Value = "ОСМ Р1-12"; VariantName = "[No Variations]"
Change component parameters (AddParameter): Name = "Потребление, Вт"; Value = "0,001"; VariantName = "[No Variations]"
Change component parameters (AddParameter): Name = "Точность"; Value = "%"; VariantName = "[No Variations]"
Change component parameters: Designator = "R37" ("R4"); Footprint = "SMD_0805"; UniqueID = "\4BEKHQZLN\KROSVHSG" ("\4BEKHQZLN\KROSVHSG")
Change component parameters (AddParameter): Name = "Value"; Value = "0"; VariantName = "[No Variations]"
Change component parameters (AddParameter): Name = "Назначение"; Value = "SMD-резистор"; VariantName = "[No Variations]"
Change component parameters (AddParameter): Name = "Наименование"; Value = "ОСМ Р1-12"; VariantName = "[No Variations]"
Change component parameters (AddParameter): Name = "Потребление, Вт"; Value = "0,001"; VariantName = "[No Variations]"
Change component parameters (AddParameter): Name = "Точность"; Value = "%"; VariantName = "[No Variations]"
Change component parameters: Designator = "R38" ("R5"); Footprint = "SMD_0805"; UniqueID = "\4BEKHQZLN\IXIUJCED" ("\4BEKHQZLN\IXIUJCED")
Change component parameters (AddParameter): Name = "Value"; Value = "30k"; VariantName = "[No Variations]"
Change component parameters (AddParameter): Name = "Назначение"; Value = "SMD-резистор"; VariantName = "[No Variations]"
Change component parameters (AddParameter): Name = "Наименование"; Value = "ОСМ Р1-12"; VariantName = "[No Variations]"
Change component parameters (AddParameter): Name = "Потребление, Вт"; Value = "0,001"; VariantName = "[No Variations]"
Change component parameters (AddParameter): Name = "Точность"; Value = "%"; VariantName = "[No Variations]"
Change component parameters: Designator = "R39" ("R6"); Footprint = "SMD_0805"; UniqueID = "\4BEKHQZLN\WOUGDJDU" ("\4BEKHQZLN\WOUGDJDU")
Change component parameters (AddParameter): Name = "Value"; Value = "0"; VariantName = "[No Variations]"
Change component parameters (AddParameter): Name = "Назначение"; Value = "SMD-резистор"; VariantName = "[No Variations]"
Change component parameters (AddParameter): Name = "Наименование"; Value = "ОСМ Р1-12"; VariantName = "[No Variations]"
Change component parameters (AddParameter): Name = "Потребление, Вт"; Value = "0,001"; VariantName = "[No Variations]"
Change component parameters (AddParameter): Name = "Точность"; Value = "%"; VariantName = "[No Variations]"
Change component parameters: Designator = "R40" ("R7"); Footprint = "SMD_0805"; UniqueID = "\4BEKHQZLN\LPBLHLRB" ("\4BEKHQZLN\LPBLHLRB")
Change component parameters (AddParameter): Name = "Value"; Value = "51"; VariantName = "[No Variations]"
Change component parameters (AddParameter): Name = "Назначение"; Value = "SMD-резистор"; VariantName = "[No Variations]"
Change component parameters (AddParameter): Name = "Наименование"; Value = "ОСМ Р1-12"; VariantName = "[No Variations]"
Change component parameters (AddParameter): Name = "Потребление, Вт"; Value = "0,001"; VariantName = "[No Variations]"
Change component parameters (AddParameter): Name = "Точность"; Value = "%"; VariantName = "[No Variations]"
Change component parameters: Designator = "R41" ("R8"); Footprint = "SMD_0805"; UniqueID = "\4BEKHQZLN\AJWMCEML" ("\4BEKHQZLN\AJWMCEML")
Change component parameters (AddParameter): Name = "Value"; Value = "1к"; VariantName = "[No Variations]"
Change component parameters (AddParameter): Name = "Назначение"; Value = "SMD-резистор"; VariantName = "[No Variations]"
Change component parameters (AddParameter): Name = "Наименование"; Value = "ОСМ Р1-12"; VariantName = "[No Variations]"
Change component parameters (AddParameter): Name = "Потребление, Вт"; Value = "0,001"; VariantName = "[No Variations]"
Change component parameters (AddParameter): Name = "Точность"; Value = "%"; VariantName = "[No Variations]"
Change component parameters: Designator = "R42" ("R9"); Footprint = "SMD_0805"; UniqueID = "\4BEKHQZLN\PKMHKNYB" ("\4BEKHQZLN\PKMHKNYB")
Change component parameters (AddParameter): Name = "Value"; Value = "1к"; VariantName = "[No Variations]"
Change component parameters (AddParameter): Name = "Назначение"; Value = "SMD-резистор"; VariantName = "[No Variations]"
Change component parameters (AddParameter): Name = "Наименование"; Value = "ОСМ Р1-12"; VariantName = "[No Variations]"
Change component parameters (AddParameter): Name = "Потребление, Вт"; Value = "0,001"; VariantName = "[No Variations]"
Change component parameters (AddParameter): Name = "Точность"; Value = "%"; VariantName = "[No Variations]"
Change component parameters: Designator = "R43" ("R10"); Footprint = "SMD_0805"; UniqueID = "\4BEKHQZLN\OTBRNLWV" ("\4BEKHQZLN\OTBRNLWV")
Change component parameters (AddParameter): Name = "Value"; Value = "0"; VariantName = "[No Variations]"
Change component parameters (AddParameter): Name = "Назначение"; Value = "SMD-резистор"; VariantName = "[No Variations]"
Change component parameters (AddParameter): Name = "Наименование"; Value = "ОСМ Р1-12"; VariantName = "[No Variations]"
Change component parameters (AddParameter): Name = "Потребление, Вт"; Value = "0,001"; VariantName = "[No Variations]"
Change component parameters (AddParameter): Name = "Точность"; Value = "%"; VariantName = "[No Variations]"
Change component parameters: Designator = "R44" ("R11"); Footprint = "SMD_0805"; UniqueID = "\4BEKHQZLN\ZAYYMMRZ" ("\4BEKHQZLN\ZAYYMMRZ")
Change component parameters (AddParameter): Name = "Value"; Value = "10M"; VariantName = "[No Variations]"
Change component parameters (AddParameter): Name = "Назначение"; Value = "SMD-резистор"; VariantName = "[No Variations]"
Change component parameters (AddParameter): Name = "Наименование"; Value = "ОСМ Р1-12"; VariantName = "[No Variations]"
Change component parameters (AddParameter): Name = "Потребление, Вт"; Value = "0,001"; VariantName = "[No Variations]"
Change component parameters (AddParameter): Name = "Точность"; Value = "%"; VariantName = "[No Variations]"
Change component parameters: Designator = "R45" ("R1"); Footprint = "SMD_0805"; UniqueID = "\5BEKHQZLN\LJYNQXZZ" ("\5BEKHQZLN\LJYNQXZZ")
Change component parameters (AddParameter): Name = "Value"; Value = "10M"; VariantName = "[No Variations]"
Change component parameters (AddParameter): Name = "Назначение"; Value = "SMD-резистор"; VariantName = "[No Variations]"
Change component parameters (AddParameter): Name = "Наименование"; Value = "ОСМ Р1-12"; VariantName = "[No Variations]"
Change component parameters (AddParameter): Name = "Потребление, Вт"; Value = "0,001"; VariantName = "[No Variations]"
Change component parameters (AddParameter): Name = "Точность"; Value = "%"; VariantName = "[No Variations]"
Change component parameters: Designator = "R46" ("R2"); Footprint = "SMD_0805"; UniqueID = "\5BEKHQZLN\YSHEOBSU" ("\5BEKHQZLN\YSHEOBSU")
Change component parameters (AddParameter): Name = "Value"; Value = "10M"; VariantName = "[No Variations]"
Change component parameters (AddParameter): Name = "Назначение"; Value = "SMD-резистор"; VariantName = "[No Variations]"
Change component parameters (AddParameter): Name = "Наименование"; Value = "ОСМ Р1-12"; VariantName = "[No Variations]"
Change component parameters (AddParameter): Name = "Потребление, Вт"; Value = "0,001"; VariantName = "[No Variations]"
Change component parameters (AddParameter): Name = "Точность"; Value = "%"; VariantName = "[No Variations]"
Change component parameters: Designator = "R47" ("R3"); Footprint = "SMD_0805"; UniqueID = "\5BEKHQZLN\LYHQGWTU" ("\5BEKHQZLN\LYHQGWTU")
Change component parameters (AddParameter): Name = "Value"; Value = "0"; VariantName = "[No Variations]"
Change component parameters (AddParameter): Name = "Назначение"; Value = "SMD-резистор"; VariantName = "[No Variations]"
Change component parameters (AddParameter): Name = "Наименование"; Value = "ОСМ Р1-12"; VariantName = "[No Variations]"
Change component parameters (AddParameter): Name = "Потребление, Вт"; Value = "0,001"; VariantName = "[No Variations]"
Change component parameters (AddParameter): Name = "Точность"; Value = "%"; VariantName = "[No Variations]"
Change component parameters: Designator = "R48" ("R4"); Footprint = "SMD_0805"; UniqueID = "\5BEKHQZLN\KROSVHSG" ("\5BEKHQZLN\KROSVHSG")
Change component parameters (AddParameter): Name = "Value"; Value = "0"; VariantName = "[No Variations]"
Change component parameters (AddParameter): Name = "Назначение"; Value = "SMD-резистор"; VariantName = "[No Variations]"
Change component parameters (AddParameter): Name = "Наименование"; Value = "ОСМ Р1-12"; VariantName = "[No Variations]"
Change component parameters (AddParameter): Name = "Потребление, Вт"; Value = "0,001"; VariantName = "[No Variations]"
Change component parameters (AddParameter): Name = "Точность"; Value = "%"; VariantName = "[No Variations]"
Change component parameters: Designator = "R49" ("R5"); Footprint = "SMD_0805"; UniqueID = "\5BEKHQZLN\IXIUJCED" ("\5BEKHQZLN\IXIUJCED")
Change component parameters (AddParameter): Name = "Value"; Value = "30k"; VariantName = "[No Variations]"
Change component parameters (AddParameter): Name = "Назначение"; Value = "SMD-резистор"; VariantName = "[No Variations]"
Change component parameters (AddParameter): Name = "Наименование"; Value = "ОСМ Р1-12"; VariantName = "[No Variations]"
Change component parameters (AddParameter): Name = "Потребление, Вт"; Value = "0,001"; VariantName = "[No Variations]"
Change component parameters (AddParameter): Name = "Точность"; Value = "%"; VariantName = "[No Variations]"
Change component parameters: Designator = "R50" ("R6"); Footprint = "SMD_0805"; UniqueID = "\5BEKHQZLN\WOUGDJDU" ("\5BEKHQZLN\WOUGDJDU")
Change component parameters (AddParameter): Name = "Value"; Value = "0"; VariantName = "[No Variations]"
Change component parameters (AddParameter): Name = "Назначение"; Value = "SMD-резистор"; VariantName = "[No Variations]"
Change component parameters (AddParameter): Name = "Наименование"; Value = "ОСМ Р1-12"; VariantName = "[No Variations]"
Change component parameters (AddParameter): Name = "Потребление, Вт"; Value = "0,001"; VariantName = "[No Variations]"
Change component parameters (AddParameter): Name = "Точность"; Value = "%"; VariantName = "[No Variations]"
Change component parameters: Designator = "R51" ("R7"); Footprint = "SMD_0805"; UniqueID = "\5BEKHQZLN\LPBLHLRB" ("\5BEKHQZLN\LPBLHLRB")
Change component parameters (AddParameter): Name = "Value"; Value = "51"; VariantName = "[No Variations]"
Change component parameters (AddParameter): Name = "Назначение"; Value = "SMD-резистор"; VariantName = "[No Variations]"
Change component parameters (AddParameter): Name = "Наименование"; Value = "ОСМ Р1-12"; VariantName = "[No Variations]"
Change component parameters (AddParameter): Name = "Потребление, Вт"; Value = "0,001"; VariantName = "[No Variations]"
Change component parameters (AddParameter): Name = "Точность"; Value = "%"; VariantName = "[No Variations]"
Change component parameters: Designator = "R52" ("R8"); Footprint = "SMD_0805"; UniqueID = "\5BEKHQZLN\AJWMCEML" ("\5BEKHQZLN\AJWMCEML")
Change component parameters (AddParameter): Name = "Value"; Value = "1к"; VariantName = "[No Variations]"
Change component parameters (AddParameter): Name = "Назначение"; Value = "SMD-резистор"; VariantName = "[No Variations]"
Change component parameters (AddParameter): Name = "Наименование"; Value = "ОСМ Р1-12"; VariantName = "[No Variations]"
Change component parameters (AddParameter): Name = "Потребление, Вт"; Value = "0,001"; VariantName = "[No Variations]"
Change component parameters (AddParameter): Name = "Точность"; Value = "%"; VariantName = "[No Variations]"
Change component parameters: Designator = "R53" ("R9"); Footprint = "SMD_0805"; UniqueID = "\5BEKHQZLN\PKMHKNYB" ("\5BEKHQZLN\PKMHKNYB")
Change component parameters (AddParameter): Name = "Value"; Value = "1к"; VariantName = "[No Variations]"
Change component parameters (AddParameter): Name = "Назначение"; Value = "SMD-резистор"; VariantName = "[No Variations]"
Change component parameters (AddParameter): Name = "Наименование"; Value = "ОСМ Р1-12"; VariantName = "[No Variations]"
Change component parameters (AddParameter): Name = "Потребление, Вт"; Value = "0,001"; VariantName = "[No Variations]"
Change component parameters (AddParameter): Name = "Точность"; Value = "%"; VariantName = "[No Variations]"
Change component parameters: Designator = "R54" ("R10"); Footprint = "SMD_0805"; UniqueID = "\5BEKHQZLN\OTBRNLWV" ("\5BEKHQZLN\OTBRNLWV")
Change component parameters (AddParameter): Name = "Value"; Value = "0"; VariantName = "[No Variations]"
Change component parameters (AddParameter): Name = "Назначение"; Value = "SMD-резистор"; VariantName = "[No Variations]"
Change component parameters (AddParameter): Name = "Наименование"; Value = "ОСМ Р1-12"; VariantName = "[No Variations]"
Change component parameters (AddParameter): Name = "Потребление, Вт"; Value = "0,001"; VariantName = "[No Variations]"
Change component parameters (AddParameter): Name = "Точность"; Value = "%"; VariantName = "[No Variations]"
Change component parameters: Designator = "R55" ("R11"); Footprint = "SMD_0805"; UniqueID = "\5BEKHQZLN\ZAYYMMRZ" ("\5BEKHQZLN\ZAYYMMRZ")
Change component parameters (AddParameter): Name = "Value"; Value = "10M"; VariantName = "[No Variations]"
Change component parameters (AddParameter): Name = "Назначение"; Value = "SMD-резистор"; VariantName = "[No Variations]"
Change component parameters (AddParameter): Name = "Наименование"; Value = "ОСМ Р1-12"; VariantName = "[No Variations]"
Change component parameters (AddParameter): Name = "Потребление, Вт"; Value = "0,001"; VariantName = "[No Variations]"
Change component parameters (AddParameter): Name = "Точность"; Value = "%"; VariantName = "[No Variations]"
Change component parameters: Designator = "R56" ("R1"); Footprint = "SMD_0805"; UniqueID = "\6BEKHQZLN\LJYNQXZZ" ("\6BEKHQZLN\LJYNQXZZ")
Change component parameters (AddParameter): Name = "Value"; Value = "10M"; VariantName = "[No Variations]"
Change component parameters (AddParameter): Name = "Назначение"; Value = "SMD-резистор"; VariantName = "[No Variations]"
Change component parameters (AddParameter): Name = "Наименование"; Value = "ОСМ Р1-12"; VariantName = "[No Variations]"
Change component parameters (AddParameter): Name = "Потребление, Вт"; Value = "0,001"; VariantName = "[No Variations]"
Change component parameters (AddParameter): Name = "Точность"; Value = "%"; VariantName = "[No Variations]"
Change component parameters: Designator = "R57" ("R2"); Footprint = "SMD_0805"; UniqueID = "\6BEKHQZLN\YSHEOBSU" ("\6BEKHQZLN\YSHEOBSU")
Change component parameters (AddParameter): Name = "Value"; Value = "10M"; VariantName = "[No Variations]"
Change component parameters (AddParameter): Name = "Назначение"; Value = "SMD-резистор"; VariantName = "[No Variations]"
Change component parameters (AddParameter): Name = "Наименование"; Value = "ОСМ Р1-12"; VariantName = "[No Variations]"
Change component parameters (AddParameter): Name = "Потребление, Вт"; Value = "0,001"; VariantName = "[No Variations]"
Change component parameters (AddParameter): Name = "Точность"; Value = "%"; VariantName = "[No Variations]"
Change component parameters: Designator = "R58" ("R3"); Footprint = "SMD_0805"; UniqueID = "\6BEKHQZLN\LYHQGWTU" ("\6BEKHQZLN\LYHQGWTU")
Change component parameters (AddParameter): Name = "Value"; Value = "0"; VariantName = "[No Variations]"
Change component parameters (AddParameter): Name = "Назначение"; Value = "SMD-резистор"; VariantName = "[No Variations]"
Change component parameters (AddParameter): Name = "Наименование"; Value = "ОСМ Р1-12"; VariantName = "[No Variations]"
Change component parameters (AddParameter): Name = "Потребление, Вт"; Value = "0,001"; VariantName = "[No Variations]"
Change component parameters (AddParameter): Name = "Точность"; Value = "%"; VariantName = "[No Variations]"
Change component parameters: Designator = "R59" ("R4"); Footprint = "SMD_0805"; UniqueID = "\6BEKHQZLN\KROSVHSG" ("\6BEKHQZLN\KROSVHSG")
Change component parameters (AddParameter): Name = "Value"; Value = "0"; VariantName = "[No Variations]"
Change component parameters (AddParameter): Name = "Назначение"; Value = "SMD-резистор"; VariantName = "[No Variations]"
Change component parameters (AddParameter): Name = "Наименование"; Value = "ОСМ Р1-12"; VariantName = "[No Variations]"
Change component parameters (AddParameter): Name = "Потребление, Вт"; Value = "0,001"; VariantName = "[No Variations]"
Change component parameters (AddParameter): Name = "Точность"; Value = "%"; VariantName = "[No Variations]"
Change component parameters: Designator = "R60" ("R5"); Footprint = "SMD_0805"; UniqueID = "\6BEKHQZLN\IXIUJCED" ("\6BEKHQZLN\IXIUJCED")
Change component parameters (AddParameter): Name = "Value"; Value = "30k"; VariantName = "[No Variations]"
Change component parameters (AddParameter): Name = "Назначение"; Value = "SMD-резистор"; VariantName = "[No Variations]"
Change component parameters (AddParameter): Name = "Наименование"; Value = "ОСМ Р1-12"; VariantName = "[No Variations]"
Change component parameters (AddParameter): Name = "Потребление, Вт"; Value = "0,001"; VariantName = "[No Variations]"
Change component parameters (AddParameter): Name = "Точность"; Value = "%"; VariantName = "[No Variations]"
Change component parameters: Designator = "R61" ("R6"); Footprint = "SMD_0805"; UniqueID = "\6BEKHQZLN\WOUGDJDU" ("\6BEKHQZLN\WOUGDJDU")
Change component parameters (AddParameter): Name = "Value"; Value = "0"; VariantName = "[No Variations]"
Change component parameters (AddParameter): Name = "Назначение"; Value = "SMD-резистор"; VariantName = "[No Variations]"
Change component parameters (AddParameter): Name = "Наименование"; Value = "ОСМ Р1-12"; VariantName = "[No Variations]"
Change component parameters (AddParameter): Name = "Потребление, Вт"; Value = "0,001"; VariantName = "[No Variations]"
Change component parameters (AddParameter): Name = "Точность"; Value = "%"; VariantName = "[No Variations]"
Change component parameters: Designator = "R62" ("R7"); Footprint = "SMD_0805"; UniqueID = "\6BEKHQZLN\LPBLHLRB" ("\6BEKHQZLN\LPBLHLRB")
Change component parameters (AddParameter): Name = "Value"; Value = "51"; VariantName = "[No Variations]"
Change component parameters (AddParameter): Name = "Назначение"; Value = "SMD-резистор"; VariantName = "[No Variations]"
Change component parameters (AddParameter): Name = "Наименование"; Value = "ОСМ Р1-12"; VariantName = "[No Variations]"
Change component parameters (AddParameter): Name = "Потребление, Вт"; Value = "0,001"; VariantName = "[No Variations]"
Change component parameters (AddParameter): Name = "Точность"; Value = "%"; VariantName = "[No Variations]"
Change component parameters: Designator = "R63" ("R8"); Footprint = "SMD_0805"; UniqueID = "\6BEKHQZLN\AJWMCEML" ("\6BEKHQZLN\AJWMCEML")
Change component parameters (AddParameter): Name = "Value"; Value = "1к"; VariantName = "[No Variations]"
Change component parameters (AddParameter): Name = "Назначение"; Value = "SMD-резистор"; VariantName = "[No Variations]"
Change component parameters (AddParameter): Name = "Наименование"; Value = "ОСМ Р1-12"; VariantName = "[No Variations]"
Change component parameters (AddParameter): Name = "Потребление, Вт"; Value = "0,001"; VariantName = "[No Variations]"
Change component parameters (AddParameter): Name = "Точность"; Value = "%"; VariantName = "[No Variations]"
Change component parameters: Designator = "R64" ("R9"); Footprint = "SMD_0805"; UniqueID = "\6BEKHQZLN\PKMHKNYB" ("\6BEKHQZLN\PKMHKNYB")
Change component parameters (AddParameter): Name = "Value"; Value = "1к"; VariantName = "[No Variations]"
Change component parameters (AddParameter): Name = "Назначение"; Value = "SMD-резистор"; VariantName = "[No Variations]"
Change component parameters (AddParameter): Name = "Наименование"; Value = "ОСМ Р1-12"; VariantName = "[No Variations]"
Change component parameters (AddParameter): Name = "Потребление, Вт"; Value = "0,001"; VariantName = "[No Variations]"
Change component parameters (AddParameter): Name = "Точность"; Value = "%"; VariantName = "[No Variations]"
Change component parameters: Designator = "R65" ("R10"); Footprint = "SMD_0805"; UniqueID = "\6BEKHQZLN\OTBRNLWV" ("\6BEKHQZLN\OTBRNLWV")
Change component parameters (AddParameter): Name = "Value"; Value = "0"; VariantName = "[No Variations]"
Change component parameters (AddParameter): Name = "Назначение"; Value = "SMD-резистор"; VariantName = "[No Variations]"
Change component parameters (AddParameter): Name = "Наименование"; Value = "ОСМ Р1-12"; VariantName = "[No Variations]"
Change component parameters (AddParameter): Name = "Потребление, Вт"; Value = "0,001"; VariantName = "[No Variations]"
Change component parameters (AddParameter): Name = "Точность"; Value = "%"; VariantName = "[No Variations]"
Change component parameters: Designator = "R66" ("R11"); Footprint = "SMD_0805"; UniqueID = "\6BEKHQZLN\ZAYYMMRZ" ("\6BEKHQZLN\ZAYYMMRZ")
Change component parameters (AddParameter): Name = "Value"; Value = "10M"; VariantName = "[No Variations]"
Change component parameters (AddParameter): Name = "Назначение"; Value = "SMD-резистор"; VariantName = "[No Variations]"
Change component parameters (AddParameter): Name = "Наименование"; Value = "ОСМ Р1-12"; VariantName = "[No Variations]"
Change component parameters (AddParameter): Name = "Потребление, Вт"; Value = "0,001"; VariantName = "[No Variations]"
Change component parameters (AddParameter): Name = "Точность"; Value = "%"; VariantName = "[No Variations]"
Change component parameters: Designator = "R67" ("R12"); Footprint = "SMD_0805"; UniqueID = "\ZWWPIKAB" ("\ZWWPIKAB")
Change component parameters (AddParameter): Name = "Value"; Value = "10k"; VariantName = "[No Variations]"
Change component parameters (AddParameter): Name = "Назначение"; Value = "SMD-резистор"; VariantName = "[No Variations]"
Change component parameters (AddParameter): Name = "Наименование"; Value = "ОСМ Р1-12"; VariantName = "[No Variations]"
Change component parameters (AddParameter): Name = "Потребление, Вт"; Value = "0,001"; VariantName = "[No Variations]"
Change component parameters (AddParameter): Name = "Точность"; Value = "%"; VariantName = "[No Variations]"
Change component parameters: Designator = "R68" ("R13"); Footprint = "SMD_0805"; UniqueID = "\WRHHRBOM" ("\WRHHRBOM")
Change component parameters (AddParameter): Name = "Value"; Value = "10k"; VariantName = "[No Variations]"
Change component parameters (AddParameter): Name = "Назначение"; Value = "SMD-резистор"; VariantName = "[No Variations]"
Change component parameters (AddParameter): Name = "Наименование"; Value = "ОСМ Р1-12"; VariantName = "[No Variations]"
Change component parameters (AddParameter): Name = "Потребление, Вт"; Value = "0,001"; VariantName = "[No Variations]"
Change component parameters (AddParameter): Name = "Точность"; Value = "%"; VariantName = "[No Variations]"
Change component parameters: Designator = "R69" ("R14"); Footprint = "SMD_0805"; UniqueID = "\RKNQDQCG" ("\RKNQDQCG")
Change component parameters (AddParameter): Name = "Value"; Value = "1k"; VariantName = "[No Variations]"
Change component parameters (AddParameter): Name = "Назначение"; Value = "SMD-резистор"; VariantName = "[No Variations]"
Change component parameters (AddParameter): Name = "Наименование"; Value = "ОСМ Р1-12"; VariantName = "[No Variations]"
Change component parameters (AddParameter): Name = "Потребление, Вт"; Value = "0,001"; VariantName = "[No Variations]"
Change component parameters (AddParameter): Name = "Точность"; Value = "%"; VariantName = "[No Variations]"
Change component parameters: Designator = "R70" ("R15"); Footprint = "SMD_0805"; UniqueID = "\LMTDQGVI" ("\LMTDQGVI")
Change component parameters (AddParameter): Name = "Value"; Value = "1k"; VariantName = "[No Variations]"
Change component parameters (AddParameter): Name = "Назначение"; Value = "SMD-резистор"; VariantName = "[No Variations]"
Change component parameters (AddParameter): Name = "Наименование"; Value = "ОСМ Р1-12"; VariantName = "[No Variations]"
Change component parameters (AddParameter): Name = "Потребление, Вт"; Value = "0,001"; VariantName = "[No Variations]"
Change component parameters (AddParameter): Name = "Точность"; Value = "%"; VariantName = "[No Variations]"
Change component parameters: Designator = "R71" ("R16"); Footprint = "SMD_0805"; UniqueID = "\SNBZAWAN" ("\SNBZAWAN")
Change component parameters (AddParameter): Name = "Value"; Value = "510"; VariantName = "[No Variations]"
Change component parameters (AddParameter): Name = "Назначение"; Value = "SMD-резистор"; VariantName = "[No Variations]"
Change component parameters (AddParameter): Name = "Наименование"; Value = "ОСМ Р1-12"; VariantName = "[No Variations]"
Change component parameters (AddParameter): Name = "Потребление, Вт"; Value = "0,001"; VariantName = "[No Variations]"
Change component parameters (AddParameter): Name = "Точность"; Value = "%"; VariantName = "[No Variations]"
Change component parameters: Designator = "R72" ("R17"); Footprint = "SMD_0805"; UniqueID = "\AHXLOTTQ" ("\AHXLOTTQ")
Change component parameters (AddParameter): Name = "Value"; Value = "1k"; VariantName = "[No Variations]"
Change component parameters (AddParameter): Name = "Назначение"; Value = "SMD-резистор"; VariantName = "[No Variations]"
Change component parameters (AddParameter): Name = "Наименование"; Value = "ОСМ Р1-12"; VariantName = "[No Variations]"
Change component parameters (AddParameter): Name = "Потребление, Вт"; Value = "0,001"; VariantName = "[No Variations]"
Change component parameters (AddParameter): Name = "Точность"; Value = "%"; VariantName = "[No Variations]"
Change component parameters: Designator = "R73" ("R18"); Footprint = "SMD_0805"; UniqueID = "\GTKFVEHM" ("\GTKFVEHM")
Change component parameters (AddParameter): Name = "Value"; Value = "3k3"; VariantName = "[No Variations]"
Change component parameters (AddParameter): Name = "Назначение"; Value = "SMD-резистор"; VariantName = "[No Variations]"
Change component parameters (AddParameter): Name = "Наименование"; Value = "ОСМ Р1-12"; VariantName = "[No Variations]"
Change component parameters (AddParameter): Name = "Потребление, Вт"; Value = "0,001"; VariantName = "[No Variations]"
Change component parameters (AddParameter): Name = "Точность"; Value = "%"; VariantName = "[No Variations]"
Added Member To Class: ClassName=dv_analog_interface_ch6 Member=Component R56 (R1) 10M
