Change Component Parameter Comment in C1 Old= New=K10-79
Change Value of Parameter Наименование in Part C1 Old=Конденсатор New=К10-79
Change Component Parameter Comment in C2 Old= New=K10-79
Change Value of Parameter Наименование in Part C2 Old=Конденсатор New=К10-79
Change Component Parameter Comment in C3 Old= New=K10-79
Change Value of Parameter Наименование in Part C3 Old=Конденсатор New=К10-79
Change Component Parameter Comment in C4 Old= New=K10-79
Change Value of Parameter Наименование in Part C4 Old=Конденсатор New=К10-79
Change Component Parameter Comment in C5 Old= New=K10-79
Change Value of Parameter Наименование in Part C5 Old=Конденсатор New=К10-79
Change Component Parameter Comment in C6 Old= New=K10-79
Change Value of Parameter Наименование in Part C6 Old=Конденсатор New=К10-79
Change Component Parameter Comment in C7 Old= New=K10-79
Change Value of Parameter Наименование in Part C7 Old=Конденсатор New=К10-79
Change Component Parameter Comment in R1 Old= New=OSM R1-12
Change Value of Parameter Наименование in Part R1 Old=Резистор New=ОСМ Р1-12
Change Component Parameter Comment in R2 Old= New=OSM R1-12
Change Value of Parameter Наименование in Part R2 Old=Резистор New=ОСМ Р1-12
Change Component Parameter Comment in R3 Old= New=OSM R1-12
Change Value of Parameter Наименование in Part R3 Old=Резистор New=ОСМ Р1-12
Change Component Parameter Comment in R4 Old= New=OSM R1-12
Change Value of Parameter Наименование in Part R4 Old=Резистор New=ОСМ Р1-12
Change Component Parameter Comment in R5 Old= New=OSM R1-12
Change Value of Parameter Наименование in Part R5 Old=Резистор New=ОСМ Р1-12
Change Component Parameter Comment in R6 Old= New=OSM R1-12
Change Value of Parameter Наименование in Part R6 Old=Резистор New=ОСМ Р1-12
Change Component Parameter Comment in R7 Old= New=OSM R1-12
Change Value of Parameter Наименование in Part R7 Old=Резистор New=ОСМ Р1-12
Change Component Parameter Comment in R8 Old= New=OSM R1-12
Change Value of Parameter Наименование in Part R8 Old=Резистор New=ОСМ Р1-12
Change Component Parameter Comment in R9 Old= New=OSM R1-12
Change Value of Parameter Наименование in Part R9 Old=Резистор New=ОСМ Р1-12
Change Component Parameter Comment in R10 Old= New=OSM R1-12
Change Value of Parameter Наименование in Part R10 Old=Резистор New=ОСМ Р1-12
Change Component Parameter Comment in R11 Old= New=OSM R1-12
Change Value of Parameter Наименование in Part R11 Old=Резистор New=ОСМ Р1-12
Added Parameter Диэлектрик= to Part C1
Added Parameter Диэлектрик= to Part C2
Added Parameter Диэлектрик= to Part C3
Added Parameter Диэлектрик= to Part C4
Added Parameter Диэлектрик= to Part C5
Added Parameter Диэлектрик= to Part C6
Added Parameter Диэлектрик= to Part C7
Added Parameter Напряжение=В to Part C1
Added Parameter Напряжение=В to Part C2
Added Parameter Напряжение=В to Part C3
Added Parameter Напряжение=В to Part C4
Added Parameter Напряжение=В to Part C5
Added Parameter Напряжение=В to Part C6
Added Parameter Напряжение=В to Part C7
Added Parameter Точность=% to Part C1
Added Parameter Точность=% to Part C2
Added Parameter Точность=% to Part C3
Added Parameter Точность=% to Part C4
Added Parameter Точность=% to Part C5
Added Parameter Точность=% to Part C6
Added Parameter Точность=% to Part C7
Added Parameter Точность=% to Part R1
Added Parameter Точность=% to Part R2
Added Parameter Точность=% to Part R3
Added Parameter Точность=% to Part R4
Added Parameter Точность=% to Part R5
Added Parameter Точность=% to Part R6
Added Parameter Точность=% to Part R7
Added Parameter Точность=% to Part R8
Added Parameter Точность=% to Part R9
Added Parameter Точность=% to Part R10
Added Parameter Точность=% to Part R11
Replace Symbol from C1 Capacitor in F:\YandexDisk2\YandexDisk\OAI_NSU\Altium_projects\KVV\dv_analog\dv_analog_interface_ch.SchDoc with Capacitor from Passive.IntLib
Replace Symbol from C2 Capacitor in F:\YandexDisk2\YandexDisk\OAI_NSU\Altium_projects\KVV\dv_analog\dv_analog_interface_ch.SchDoc with Capacitor from Passive.IntLib
Replace Symbol from C3 Capacitor in F:\YandexDisk2\YandexDisk\OAI_NSU\Altium_projects\KVV\dv_analog\dv_analog_interface_ch.SchDoc with Capacitor from Passive.IntLib
Replace Symbol from C4 Capacitor in F:\YandexDisk2\YandexDisk\OAI_NSU\Altium_projects\KVV\dv_analog\dv_analog_interface_ch.SchDoc with Capacitor from Passive.IntLib
Replace Symbol from C5 Capacitor in F:\YandexDisk2\YandexDisk\OAI_NSU\Altium_projects\KVV\dv_analog\dv_analog_interface_ch.SchDoc with Capacitor from Passive.IntLib
Replace Symbol from C6 Capacitor in F:\YandexDisk2\YandexDisk\OAI_NSU\Altium_projects\KVV\dv_analog\dv_analog_interface_ch.SchDoc with Capacitor from Passive.IntLib
Replace Symbol from C7 Capacitor in F:\YandexDisk2\YandexDisk\OAI_NSU\Altium_projects\KVV\dv_analog\dv_analog_interface_ch.SchDoc with Capacitor from Passive.IntLib
Replace Symbol from R1 Resistor in F:\YandexDisk2\YandexDisk\OAI_NSU\Altium_projects\KVV\dv_analog\dv_analog_interface_ch.SchDoc with Resistor from Passive.IntLib
Replace Symbol from R2 Resistor in F:\YandexDisk2\YandexDisk\OAI_NSU\Altium_projects\KVV\dv_analog\dv_analog_interface_ch.SchDoc with Resistor from Passive.IntLib
Replace Symbol from R3 Resistor in F:\YandexDisk2\YandexDisk\OAI_NSU\Altium_projects\KVV\dv_analog\dv_analog_interface_ch.SchDoc with Resistor from Passive.IntLib
Replace Symbol from R4 Resistor in F:\YandexDisk2\YandexDisk\OAI_NSU\Altium_projects\KVV\dv_analog\dv_analog_interface_ch.SchDoc with Resistor from Passive.IntLib
Replace Symbol from R5 Resistor in F:\YandexDisk2\YandexDisk\OAI_NSU\Altium_projects\KVV\dv_analog\dv_analog_interface_ch.SchDoc with Resistor from Passive.IntLib
Replace Symbol from R6 Resistor in F:\YandexDisk2\YandexDisk\OAI_NSU\Altium_projects\KVV\dv_analog\dv_analog_interface_ch.SchDoc with Resistor from Passive.IntLib
Replace Symbol from R7 Resistor in F:\YandexDisk2\YandexDisk\OAI_NSU\Altium_projects\KVV\dv_analog\dv_analog_interface_ch.SchDoc with Resistor from Passive.IntLib
Replace Symbol from R8 Resistor in F:\YandexDisk2\YandexDisk\OAI_NSU\Altium_projects\KVV\dv_analog\dv_analog_interface_ch.SchDoc with Resistor from Passive.IntLib
Replace Symbol from R9 Resistor in F:\YandexDisk2\YandexDisk\OAI_NSU\Altium_projects\KVV\dv_analog\dv_analog_interface_ch.SchDoc with Resistor from Passive.IntLib
Replace Symbol from R10 Resistor in F:\YandexDisk2\YandexDisk\OAI_NSU\Altium_projects\KVV\dv_analog\dv_analog_interface_ch.SchDoc with Resistor from Passive.IntLib
Replace Symbol from R11 Resistor in F:\YandexDisk2\YandexDisk\OAI_NSU\Altium_projects\KVV\dv_analog\dv_analog_interface_ch.SchDoc with Resistor from Passive.IntLib
